HNSW-FINGER
step 0
step 1
step 8
step 7
step 20
step 21
step 22
step 23
step 24
step 25
step 26
step 27
step 28
step 29
step 30
step 31
step 41
step 42
step 43
step 44
step 45
step 
192 192 53339 53339 53339
0.482231 53339 0.219424 0.204999 0.404894 0.203038
48
step 32
step 33
step 24
training time: 26448438
After train
After save
search time : 32183
recall : 0.972
	Command being timed: "./go /users/PAS2671/kabir36/kabir/similarity-search/dataset/audio /users/PAS2671/kabir36/kabir/similarity-search/dataset/audio l2 12 400 1 100 0 0 1 0 0"
	User time (seconds): 26.50
	System time (seconds): 0.57
	Percent of CPU this job got: 97%
	Elapsed (wall clock) time (h:mm:ss or m:ss): 0:27.86
	Average shared text size (kbytes): 0
	Average unshared data size (kbytes): 0
	Average stack size (kbytes): 0
	Average total size (kbytes): 0
	Maximum resident set size (kbytes): 484352
	Average resident set size (kbytes): 0
	Major (requiring I/O) page faults: 0
	Minor (reclaiming a frame) page faults: 213128
	Voluntary context switches: 3422
	Involuntary context switches: 286
	Swaps: 0
	File system inputs: 374440
	File system outputs: 257552
	Socket messages sent: 0
	Socket messages received: 0
	Signals delivered: 0
	Page size (bytes): 4096
	Exit status: 0
