HNSW-FINGER
step 0
step 1
step 8
step 7
step 20
step 21
step 22
step 23
step 24
step 25
step 26
step 27
step 28
step 29
step 30
step 31
step 41
step 42
step 43
step 44
step 45
step 
192 192 53355 53355 53355
0.498555 53355 0.23011 0.213277 0.410756 0.210386
48
step 32
step 33
step 24
training time: 42972190
After train
After save
search time : 27870
recall : 0.95875
	Command being timed: "./go /users/PAS2671/kabir36/kabir/similarity-search/dataset/audio /users/PAS2671/kabir36/kabir/similarity-search/dataset/audio l2 48 500 1 50 0 0 1 0 0"
	User time (seconds): 43.07
	System time (seconds): 0.53
	Percent of CPU this job got: 98%
	Elapsed (wall clock) time (h:mm:ss or m:ss): 0:44.10
	Average shared text size (kbytes): 0
	Average unshared data size (kbytes): 0
	Average stack size (kbytes): 0
	Average total size (kbytes): 0
	Maximum resident set size (kbytes): 630084
	Average resident set size (kbytes): 0
	Major (requiring I/O) page faults: 0
	Minor (reclaiming a frame) page faults: 68022
	Voluntary context switches: 3531
	Involuntary context switches: 106
	Swaps: 0
	File system inputs: 478592
	File system outputs: 478624
	Socket messages sent: 0
	Socket messages received: 0
	Signals delivered: 0
	Page size (bytes): 4096
	Exit status: 0
