HNSW-FINGER
step 0
step 1
step 8
step 7
step 20
step 21
step 22
step 23
step 24
step 25
step 26
step 27
step 28
step 29
step 30
step 31
step 41
step 42
step 43
step 44
step 45
step 
512 512 49952 49952 49952
0.457603 49952 0.281537 0.1378 0.357887 0.137753
48
step 32
step 33
step 24
training time: 122133345
After train
After save
search time : 61805
recall : 0.9585
	Command being timed: "./go /users/PAS2671/kabir36/kabir/similarity-search/dataset/cifar /users/PAS2671/kabir36/kabir/similarity-search/dataset/cifar l2 48 500 1 50 0 0 1 0 0"
	User time (seconds): 122.26
	System time (seconds): 0.76
	Percent of CPU this job got: 99%
	Elapsed (wall clock) time (h:mm:ss or m:ss): 2:03.82
	Average shared text size (kbytes): 0
	Average unshared data size (kbytes): 0
	Average stack size (kbytes): 0
	Average total size (kbytes): 0
	Maximum resident set size (kbytes): 1169068
	Average resident set size (kbytes): 0
	Major (requiring I/O) page faults: 0
	Minor (reclaiming a frame) page faults: 132214
	Voluntary context switches: 4452
	Involuntary context switches: 276
	Swaps: 0
	File system inputs: 573560
	File system outputs: 573600
	Socket messages sent: 0
	Socket messages received: 0
	Signals delivered: 0
	Page size (bytes): 4096
	Exit status: 0
