HNSW-FINGER
step 0
step 1
step 8
step 7
step 20
step 21
step 22
step 23
step 24
step 25
step 26
step 27
step 28
step 29
step 30
step 31
step 41
step 42
step 43
step 44
step 45
step 
512 512 49763 49763 49763
0.461347 49763 0.280279 0.129308 0.358371 0.136292
48
step 32
step 33
step 24
training time: 31095120
After train
After save
search time : 38847
recall : 0.86475
	Command being timed: "./go /users/PAS2671/kabir36/kabir/similarity-search/dataset/cifar /users/PAS2671/kabir36/kabir/similarity-search/dataset/cifar l2 12 100 1 50 0 0 1 0 0"
	User time (seconds): 31.16
	System time (seconds): 0.71
	Percent of CPU this job got: 97%
	Elapsed (wall clock) time (h:mm:ss or m:ss): 0:32.85
	Average shared text size (kbytes): 0
	Average unshared data size (kbytes): 0
	Average stack size (kbytes): 0
	Average total size (kbytes): 0
	Maximum resident set size (kbytes): 1050268
	Average resident set size (kbytes): 0
	Major (requiring I/O) page faults: 0
	Minor (reclaiming a frame) page faults: 128671
	Voluntary context switches: 3173
	Involuntary context switches: 77
	Swaps: 0
	File system inputs: 567376
	File system outputs: 366568
	Socket messages sent: 0
	Socket messages received: 0
	Signals delivered: 0
	Page size (bytes): 4096
	Exit status: 0
