HNSW-FINGER
step 0
step 1
step 8
step 7
step 20
step 21
step 22
step 23
step 24
step 25
step 26
step 27
step 28
step 29
step 30
step 31
step 41
step 42
step 43
step 44
step 45
step 
512 512 49931 49931 49931
0.453491 49931 0.27241 0.129777 0.351819 0.137524
48
step 32
step 33
step 24
training time: 55238839
After train
After save
search time : 52387
recall : 0.9575
	Command being timed: "./go /users/PAS2671/kabir36/kabir/similarity-search/dataset/cifar /users/PAS2671/kabir36/kabir/similarity-search/dataset/cifar l2 12 400 1 100 0 0 1 0 0"
	User time (seconds): 55.18
	System time (seconds): 0.97
	Percent of CPU this job got: 96%
	Elapsed (wall clock) time (h:mm:ss or m:ss): 0:58.39
	Average shared text size (kbytes): 0
	Average unshared data size (kbytes): 0
	Average stack size (kbytes): 0
	Average total size (kbytes): 0
	Maximum resident set size (kbytes): 1052100
	Average resident set size (kbytes): 0
	Major (requiring I/O) page faults: 0
	Minor (reclaiming a frame) page faults: 446356
	Voluntary context switches: 3711
	Involuntary context switches: 120
	Swaps: 0
	File system inputs: 567376
	File system outputs: 366552
	Socket messages sent: 0
	Socket messages received: 0
	Signals delivered: 0
	Page size (bytes): 4096
	Exit status: 0
