HNSW-FINGER
step 0
step 1
step 8
step 7
step 20
step 21
step 22
step 23
step 24
step 25
step 26
step 27
step 28
step 29
step 30
step 31
step 41
step 42
step 43
step 44
step 45
step 
256 256 27141 27141 27141
0.604201 27141 0.187418 0.379676 0.352075 0.32397
53
step 32
step 33
step 24
training time: 13058744
After train
After save
search time : 10458
recall : 0.9096
	Command being timed: "./go /users/PAS2671/kabir36/kabir/similarity-search/dataset/ethz /users/PAS2671/kabir36/kabir/similarity-search/dataset/ethz l2 12 400 1 100 0 0 1 0 0"
	User time (seconds): 12.97
	System time (seconds): 0.38
	Percent of CPU this job got: 95%
	Elapsed (wall clock) time (h:mm:ss or m:ss): 0:14.00
	Average shared text size (kbytes): 0
	Average unshared data size (kbytes): 0
	Average stack size (kbytes): 0
	Average total size (kbytes): 0
	Maximum resident set size (kbytes): 367596
	Average resident set size (kbytes): 0
	Major (requiring I/O) page faults: 0
	Minor (reclaiming a frame) page faults: 174881
	Voluntary context switches: 2067
	Involuntary context switches: 1735
	Swaps: 0
	File system inputs: 73576
	File system outputs: 195232
	Socket messages sent: 0
	Socket messages received: 0
	Signals delivered: 0
	Page size (bytes): 4096
	Exit status: 0
