HNSW-FINGER
step 0
step 1
step 8
step 7
step 20
step 21
step 22
step 23
step 24
step 25
step 26
step 27
step 28
step 29
step 30
step 31
step 41
step 42
step 43
step 44
step 45
step 
256 256 27597 27597 27597
0.613532 27597 0.184427 0.379744 0.348641 0.322725
53
step 32
step 33
step 24
training time: 20622308
After train
After save
search time : 13712
recall : 0.9199
	Command being timed: "./go /users/PAS2671/kabir36/kabir/similarity-search/dataset/ethz /users/PAS2671/kabir36/kabir/similarity-search/dataset/ethz l2 48 500 1 50 0 0 1 0 0"
	User time (seconds): 20.66
	System time (seconds): 0.40
	Percent of CPU this job got: 98%
	Elapsed (wall clock) time (h:mm:ss or m:ss): 0:21.34
	Average shared text size (kbytes): 0
	Average unshared data size (kbytes): 0
	Average stack size (kbytes): 0
	Average total size (kbytes): 0
	Maximum resident set size (kbytes): 468480
	Average resident set size (kbytes): 0
	Major (requiring I/O) page faults: 0
	Minor (reclaiming a frame) page faults: 36474
	Voluntary context switches: 2020
	Involuntary context switches: 46
	Swaps: 0
	File system inputs: 346936
	File system outputs: 346960
	Socket messages sent: 0
	Socket messages received: 0
	Signals delivered: 0
	Page size (bytes): 4096
	Exit status: 0
