HNSW-FINGER
step 0
step 1
step 8
step 7
step 20
step 21
step 22
step 23
step 24
step 25
step 26
step 27
step 28
step 29
step 30
step 31
step 41
step 42
step 43
step 44
step 45
step 
256 256 25392 25392 25392
0.613559 25392 0.20393 0.376649 0.371264 0.31266
53
step 32
step 33
step 24
training time: 6462529
After train
After save
search time : 12634
recall : 0.9109
	Command being timed: "./go /users/PAS2671/kabir36/kabir/similarity-search/dataset/ethz /users/PAS2671/kabir36/kabir/similarity-search/dataset/ethz l2 24 100 1 50 0 0 1 0 0"
	User time (seconds): 6.55
	System time (seconds): 0.28
	Percent of CPU this job got: 96%
	Elapsed (wall clock) time (h:mm:ss or m:ss): 0:07.07
	Average shared text size (kbytes): 0
	Average unshared data size (kbytes): 0
	Average stack size (kbytes): 0
	Average total size (kbytes): 0
	Maximum resident set size (kbytes): 380968
	Average resident set size (kbytes): 0
	Major (requiring I/O) page faults: 0
	Minor (reclaiming a frame) page faults: 35036
	Voluntary context switches: 1665
	Involuntary context switches: 17
	Swaps: 0
	File system inputs: 230136
	File system outputs: 230160
	Socket messages sent: 0
	Socket messages received: 0
	Signals delivered: 0
	Page size (bytes): 4096
	Exit status: 0
