HNSW-FINGER
step 0
step 1
step 8
step 7
step 20
step 21
step 22
step 23
step 24
step 25
step 26
step 27
step 28
step 29
step 30
step 31
step 41
step 42
step 43
step 44
step 45
step 
128 128 244013 244013 244013
0.346336 244013 0.125636 0.332214 0.441094 0.317214
53
step 32
step 33
step 24
training time: 48598237
After train
After save
search time : 17558
recall : 0.9626
	Command being timed: "./go /users/PAS2671/kabir36/kabir/similarity-search/dataset/geofon /users/PAS2671/kabir36/kabir/similarity-search/dataset/geofon l2 24 100 1 50 0 0 1 0 0"
	User time (seconds): 48.24
	System time (seconds): 1.30
	Percent of CPU this job got: 98%
	Elapsed (wall clock) time (h:mm:ss or m:ss): 0:50.34
	Average shared text size (kbytes): 0
	Average unshared data size (kbytes): 0
	Average stack size (kbytes): 0
	Average total size (kbytes): 0
	Maximum resident set size (kbytes): 1935152
	Average resident set size (kbytes): 0
	Major (requiring I/O) page faults: 0
	Minor (reclaiming a frame) page faults: 155851
	Voluntary context switches: 3803
	Involuntary context switches: 121
	Swaps: 0
	File system inputs: 0
	File system outputs: 1451288
	Socket messages sent: 0
	Socket messages received: 0
	Signals delivered: 0
	Page size (bytes): 4096
	Exit status: 0
