HNSW-FINGER
step 0
step 1
step 8
step 7
step 20
step 21
step 22
step 23
step 24
step 25
step 26
step 27
step 28
step 29
step 30
step 31
step 41
step 42
step 43
step 44
step 45
step 
128 128 253174 253174 253174
0.370174 253174 0.120308 0.340732 0.425504 0.321271
53
step 32
step 33
step 24
training time: 184083109
After train
After save
search time : 19707
recall : 0.9738
	Command being timed: "./go /users/PAS2671/kabir36/kabir/similarity-search/dataset/geofon /users/PAS2671/kabir36/kabir/similarity-search/dataset/geofon l2 48 500 1 50 0 0 1 0 0"
	User time (seconds): 183.25
	System time (seconds): 1.87
	Percent of CPU this job got: 99%
	Elapsed (wall clock) time (h:mm:ss or m:ss): 3:06.89
	Average shared text size (kbytes): 0
	Average unshared data size (kbytes): 0
	Average stack size (kbytes): 0
	Average total size (kbytes): 0
	Maximum resident set size (kbytes): 2533100
	Average resident set size (kbytes): 0
	Major (requiring I/O) page faults: 0
	Minor (reclaiming a frame) page faults: 159972
	Voluntary context switches: 8228
	Involuntary context switches: 375
	Swaps: 0
	File system inputs: 0
	File system outputs: 2328400
	Socket messages sent: 0
	Socket messages received: 0
	Signals delivered: 0
	Page size (bytes): 4096
	Exit status: 0
