HNSW-FINGER
step 0
step 1
step 8
step 7
step 20
step 21
step 22
step 23
step 24
step 25
step 26
step 27
step 28
step 29
step 30
step 31
step 41
step 42
step 43
step 44
step 45
step 
128 128 243794 243794 243794
0.34961 243794 0.123624 0.328781 0.440427 0.317494
53
step 32
step 33
step 24
training time: 46660451
After train
After save
search time : 16589
recall : 0.9587
	Command being timed: "./go /users/PAS2671/kabir36/kabir/similarity-search/dataset/geofon /users/PAS2671/kabir36/kabir/similarity-search/dataset/geofon l2 12 100 1 50 0 0 1 0 0"
	User time (seconds): 46.35
	System time (seconds): 1.55
	Percent of CPU this job got: 98%
	Elapsed (wall clock) time (h:mm:ss or m:ss): 0:48.83
	Average shared text size (kbytes): 0
	Average unshared data size (kbytes): 0
	Average stack size (kbytes): 0
	Average total size (kbytes): 0
	Maximum resident set size (kbytes): 1762912
	Average resident set size (kbytes): 0
	Major (requiring I/O) page faults: 0
	Minor (reclaiming a frame) page faults: 127108
	Voluntary context switches: 7676
	Involuntary context switches: 116
	Swaps: 0
	File system inputs: 1188968
	File system outputs: 1189008
	Socket messages sent: 0
	Socket messages received: 0
	Signals delivered: 0
	Page size (bytes): 4096
	Exit status: 0
