HNSW-FINGER
step 0
step 1
step 8
step 7
step 20
step 21
step 22
step 23
step 24
step 25
step 26
step 27
step 28
step 29
step 30
step 31
step 41
step 42
step 43
step 44
step 45
step 
128 128 251809 251809 251809
0.349904 251809 0.116339 0.332676 0.432459 0.320405
53
step 32
step 33
step 24
training time: 114487406
After train
After save
search time : 11015
recall : 0.9677
	Command being timed: "./go /users/PAS2671/kabir36/kabir/similarity-search/dataset/geofon /users/PAS2671/kabir36/kabir/similarity-search/dataset/geofon l2 12 400 1 100 0 0 1 0 0"
	User time (seconds): 113.37
	System time (seconds): 1.89
	Percent of CPU this job got: 97%
	Elapsed (wall clock) time (h:mm:ss or m:ss): 1:58.36
	Average shared text size (kbytes): 0
	Average unshared data size (kbytes): 0
	Average stack size (kbytes): 0
	Average total size (kbytes): 0
	Maximum resident set size (kbytes): 1787024
	Average resident set size (kbytes): 0
	Major (requiring I/O) page faults: 0
	Minor (reclaiming a frame) page faults: 757914
	Voluntary context switches: 13487
	Involuntary context switches: 5846
	Swaps: 0
	File system inputs: 1464328
	File system outputs: 1188992
	Socket messages sent: 0
	Socket messages received: 0
	Signals delivered: 0
	Page size (bytes): 4096
	Exit status: 0
