HNSW-FINGER
step 0
step 1
step 8
step 7
step 20
step 21
step 22
step 23
step 24
step 25
step 26
step 27
step 28
step 29
step 30
step 31
step 41
step 42
step 43
step 44
step 45
step 
65 65 288643 288643 288643
0.917712 288643 0.202699 0.266017 0.211338 0.284549
53
step 32
step 33
step 24
training time: 110108410
After train
After save
search time : 9692
recall : 0.9177
	Command being timed: "./go /users/PAS2671/kabir36/kabir/similarity-search/dataset/lastfm /users/PAS2671/kabir36/kabir/similarity-search/dataset/lastfm l2 12 400 1 100 0 0 1 0 0"
	User time (seconds): 109.24
	System time (seconds): 1.75
	Percent of CPU this job got: 98%
	Elapsed (wall clock) time (h:mm:ss or m:ss): 1:52.24
	Average shared text size (kbytes): 0
	Average unshared data size (kbytes): 0
	Average stack size (kbytes): 0
	Average total size (kbytes): 0
	Maximum resident set size (kbytes): 1380240
	Average resident set size (kbytes): 0
	Major (requiring I/O) page faults: 0
	Minor (reclaiming a frame) page faults: 560782
	Voluntary context switches: 13868
	Involuntary context switches: 232
	Swaps: 0
	File system inputs: 1267968
	File system outputs: 1119376
	Socket messages sent: 0
	Socket messages received: 0
	Signals delivered: 0
	Page size (bytes): 4096
	Exit status: 0
