HNSW-FINGER
step 0
step 1
step 8
step 7
step 20
step 21
step 22
step 23
step 24
step 25
step 26
step 27
step 28
step 29
step 30
step 31
step 41
step 42
step 43
step 44
step 45
step 
65 65 277966 277966 277966
0.925115 277966 0.209132 0.284304 0.220361 0.301511
53
step 32
step 33
step 24
training time: 39269686
After train
After save
search time : 13279
recall : 0.9159
	Command being timed: "./go /users/PAS2671/kabir36/kabir/similarity-search/dataset/lastfm /users/PAS2671/kabir36/kabir/similarity-search/dataset/lastfm l2 12 100 1 50 0 0 1 0 0"
	User time (seconds): 39.01
	System time (seconds): 1.18
	Percent of CPU this job got: 97%
	Elapsed (wall clock) time (h:mm:ss or m:ss): 0:41.02
	Average shared text size (kbytes): 0
	Average unshared data size (kbytes): 0
	Average stack size (kbytes): 0
	Average total size (kbytes): 0
	Maximum resident set size (kbytes): 1360372
	Average resident set size (kbytes): 0
	Major (requiring I/O) page faults: 0
	Minor (reclaiming a frame) page faults: 86282
	Voluntary context switches: 9077
	Involuntary context switches: 95
	Swaps: 0
	File system inputs: 1119352
	File system outputs: 1119384
	Socket messages sent: 0
	Socket messages received: 0
	Signals delivered: 0
	Page size (bytes): 4096
	Exit status: 0
