HNSW-FINGER
step 0
step 1
step 8
step 7
step 20
step 21
step 22
step 23
step 24
step 25
step 26
step 27
step 28
step 29
step 30
step 31
step 41
step 42
step 43
step 44
step 45
step 
784 784 68991 68991 68991
0.759831 68991 0.197827 0.160943 0.186181 0.196242
53
step 32
step 33
step 24
training time: 88887872
After train
After save
search time : 38647
recall : 0.99075
	Command being timed: "./go /users/PAS2671/kabir36/kabir/similarity-search/dataset/MNIST /users/PAS2671/kabir36/kabir/similarity-search/dataset/MNIST l2 12 400 1 100 0 0 1 0 0"
	User time (seconds): 87.98
	System time (seconds): 1.80
	Percent of CPU this job got: 99%
	Elapsed (wall clock) time (h:mm:ss or m:ss): 1:30.60
	Average shared text size (kbytes): 0
	Average unshared data size (kbytes): 0
	Average stack size (kbytes): 0
	Average total size (kbytes): 0
	Maximum resident set size (kbytes): 2191568
	Average resident set size (kbytes): 0
	Major (requiring I/O) page faults: 0
	Minor (reclaiming a frame) page faults: 969231
	Voluntary context switches: 6256
	Involuntary context switches: 187
	Swaps: 0
	File system inputs: 423896
	File system outputs: 652552
	Socket messages sent: 0
	Socket messages received: 0
	Signals delivered: 0
	Page size (bytes): 4096
	Exit status: 0
