HNSW-FINGER
step 0
step 1
step 8
step 7
step 20
step 21
step 22
step 23
step 24
step 25
step 26
step 27
step 28
step 29
step 30
step 31
step 41
step 42
step 43
step 44
step 45
step 
784 784 68997 68997 68997
0.749754 68997 0.195645 0.164164 0.185859 0.195956
53
step 32
step 33
step 24
training time: 168413612
After train
After save
search time : 35677
recall : 0.98975
	Command being timed: "./go /users/PAS2671/kabir36/kabir/similarity-search/dataset/MNIST /users/PAS2671/kabir36/kabir/similarity-search/dataset/MNIST l2 48 500 1 50 0 0 1 0 0"
	User time (seconds): 166.90
	System time (seconds): 2.72
	Percent of CPU this job got: 98%
	Elapsed (wall clock) time (h:mm:ss or m:ss): 2:53.03
	Average shared text size (kbytes): 0
	Average unshared data size (kbytes): 0
	Average stack size (kbytes): 0
	Average total size (kbytes): 0
	Maximum resident set size (kbytes): 2269856
	Average resident set size (kbytes): 0
	Major (requiring I/O) page faults: 11
	Minor (reclaiming a frame) page faults: 1080869
	Voluntary context switches: 8255
	Involuntary context switches: 4486
	Swaps: 0
	File system inputs: 1377880
	File system outputs: 938264
	Socket messages sent: 0
	Socket messages received: 0
	Signals delivered: 0
	Page size (bytes): 4096
	Exit status: 0
