HNSW-FINGER
step 0
step 1
step 8
step 7
step 20
step 21
step 22
step 23
step 24
step 25
step 26
step 27
step 28
step 29
step 30
step 31
step 41
step 42
step 43
step 44
step 45
step 
784 784 68936 68936 68936
0.772193 68936 0.215034 0.165459 0.203632 0.199698
53
step 32
step 33
step 24
training time: 63149756
After train
After save
search time : 30160
recall : 0.9785
	Command being timed: "./go /users/PAS2671/kabir36/kabir/similarity-search/dataset/MNIST /users/PAS2671/kabir36/kabir/similarity-search/dataset/MNIST l2 24 100 1 50 0 0 1 0 0"
	User time (seconds): 62.85
	System time (seconds): 1.15
	Percent of CPU this job got: 98%
	Elapsed (wall clock) time (h:mm:ss or m:ss): 1:04.68
	Average shared text size (kbytes): 0
	Average unshared data size (kbytes): 0
	Average stack size (kbytes): 0
	Average total size (kbytes): 0
	Maximum resident set size (kbytes): 2205936
	Average resident set size (kbytes): 0
	Major (requiring I/O) page faults: 0
	Minor (reclaiming a frame) page faults: 187980
	Voluntary context switches: 6086
	Involuntary context switches: 129
	Swaps: 0
	File system inputs: 718280
	File system outputs: 718320
	Socket messages sent: 0
	Socket messages received: 0
	Signals delivered: 0
	Page size (bytes): 4096
	Exit status: 0
