HNSW-FINGER
step 0
step 1
step 8
step 7
step 20
step 21
step 22
step 23
step 24
step 25
step 26
step 27
step 28
step 29
step 30
step 31
step 41
step 42
step 43
step 44
step 45
step 
150 150 10610 10610 10610
0.427808 10610 0.156267 0.270513 0.392906 0.264174
48
step 32
step 33
step 24
training time: 5113557
After train
After save
search time : 156972
recall : 0.96409
	Command being timed: "./go /users/PAS2671/kabir36/kabir/similarity-search/dataset/movielens /users/PAS2671/kabir36/kabir/similarity-search/dataset/movielens l2 48 500 1 50 0 0 1 0 0"
	User time (seconds): 6.85
	System time (seconds): 0.16
	Percent of CPU this job got: 94%
	Elapsed (wall clock) time (h:mm:ss or m:ss): 0:07.43
	Average shared text size (kbytes): 0
	Average unshared data size (kbytes): 0
	Average stack size (kbytes): 0
	Average total size (kbytes): 0
	Maximum resident set size (kbytes): 110384
	Average resident set size (kbytes): 0
	Major (requiring I/O) page faults: 11
	Minor (reclaiming a frame) page faults: 50120
	Voluntary context switches: 420
	Involuntary context switches: 848
	Swaps: 0
	File system inputs: 97680
	File system outputs: 88256
	Socket messages sent: 0
	Socket messages received: 0
	Signals delivered: 0
	Page size (bytes): 4096
	Exit status: 0
