HNSW-FINGER
step 0
step 1
step 8
step 7
step 20
step 21
step 22
step 23
step 24
step 25
step 26
step 27
step 28
step 29
step 30
step 31
step 41
step 42
step 43
step 44
step 45
step 
300 300 17695 17695 17695
0.453838 17695 0.14541 0.276124 0.375263 0.297932
53
step 32
step 33
step 24
training time: 5039448
After train
After save
search time : 141636
recall : 0.96528
	Command being timed: "./go /users/PAS2671/kabir36/kabir/similarity-search/dataset/netflix /users/PAS2671/kabir36/kabir/similarity-search/dataset/netflix l2 24 100 1 50 0 0 1 0 0"
	User time (seconds): 6.64
	System time (seconds): 0.17
	Percent of CPU this job got: 96%
	Elapsed (wall clock) time (h:mm:ss or m:ss): 0:07.10
	Average shared text size (kbytes): 0
	Average unshared data size (kbytes): 0
	Average stack size (kbytes): 0
	Average total size (kbytes): 0
	Maximum resident set size (kbytes): 246364
	Average resident set size (kbytes): 0
	Major (requiring I/O) page faults: 0
	Minor (reclaiming a frame) page faults: 46853
	Voluntary context switches: 471
	Involuntary context switches: 24
	Swaps: 0
	File system inputs: 44784
	File system outputs: 117912
	Socket messages sent: 0
	Socket messages received: 0
	Signals delivered: 0
	Page size (bytes): 4096
	Exit status: 0
