HNSW-FINGER
step 0
step 1
step 8
step 7
step 20
step 21
step 22
step 23
step 24
step 25
step 26
step 27
step 28
step 29
step 30
step 31
step 41
step 42
step 43
step 44
step 45
step 
300 300 17754 17754 17754
0.459098 17754 0.136192 0.283439 0.353307 0.301338
53
step 32
step 33
step 24
training time: 10255395
After train
After save
search time : 131771
recall : 0.97154
	Command being timed: "./go /users/PAS2671/kabir36/kabir/similarity-search/dataset/netflix /users/PAS2671/kabir36/kabir/similarity-search/dataset/netflix l2 48 500 1 50 0 0 1 0 0"
	User time (seconds): 11.74
	System time (seconds): 0.20
	Percent of CPU this job got: 90%
	Elapsed (wall clock) time (h:mm:ss or m:ss): 0:13.18
	Average shared text size (kbytes): 0
	Average unshared data size (kbytes): 0
	Average stack size (kbytes): 0
	Average total size (kbytes): 0
	Maximum resident set size (kbytes): 283924
	Average resident set size (kbytes): 0
	Major (requiring I/O) page faults: 7
	Minor (reclaiming a frame) page faults: 33370
	Voluntary context switches: 782
	Involuntary context switches: 94
	Swaps: 0
	File system inputs: 98216
	File system outputs: 174552
	Socket messages sent: 0
	Socket messages received: 0
	Signals delivered: 0
	Page size (bytes): 4096
	Exit status: 0
