HNSW-FINGER
step 0
step 1
step 8
step 7
step 20
step 21
step 22
step 23
step 24
step 25
step 26
step 27
step 28
step 29
step 30
step 31
step 41
step 42
step 43
step 44
step 45
step 
128 128 332663 332663 332663
0.700741 332663 0.187058 0.176805 0.239824 0.184645
53
step 32
step 33
step 24
training time: 427254123
After train
After save
search time : 24052
recall : 0.97275
	Command being timed: "./go /users/PAS2671/kabir36/kabir/similarity-search/dataset/notre /users/PAS2671/kabir36/kabir/similarity-search/dataset/notre l2 48 500 1 50 0 0 1 0 0"
	User time (seconds): 425.87
	System time (seconds): 2.16
	Percent of CPU this job got: 98%
	Elapsed (wall clock) time (h:mm:ss or m:ss): 7:13.14
	Average shared text size (kbytes): 0
	Average unshared data size (kbytes): 0
	Average stack size (kbytes): 0
	Average total size (kbytes): 0
	Maximum resident set size (kbytes): 3168652
	Average resident set size (kbytes): 0
	Major (requiring I/O) page faults: 4
	Minor (reclaiming a frame) page faults: 182793
	Voluntary context switches: 9551
	Involuntary context switches: 877
	Swaps: 0
	File system inputs: 369392
	File system outputs: 2814856
	Socket messages sent: 0
	Socket messages received: 0
	Signals delivered: 0
	Page size (bytes): 4096
	Exit status: 0
