HNSW-FINGER
step 0
step 1
step 8
step 7
step 20
step 21
step 22
step 23
step 24
step 25
step 26
step 27
step 28
step 29
step 30
step 31
step 41
step 42
step 43
step 44
step 45
step 
128 128 332309 332309 332309
0.742878 332309 0.186304 0.185995 0.236984 0.195127
53
step 32
step 33
step 24
training time: 78192469
After train
After save
search time : 19610
recall : 0.93775
	Command being timed: "./go /users/PAS2671/kabir36/kabir/similarity-search/dataset/notre /users/PAS2671/kabir36/kabir/similarity-search/dataset/notre l2 12 100 1 50 0 0 1 0 0"
	User time (seconds): 77.74
	System time (seconds): 1.89
	Percent of CPU this job got: 98%
	Elapsed (wall clock) time (h:mm:ss or m:ss): 1:20.78
	Average shared text size (kbytes): 0
	Average unshared data size (kbytes): 0
	Average stack size (kbytes): 0
	Average total size (kbytes): 0
	Maximum resident set size (kbytes): 2242324
	Average resident set size (kbytes): 0
	Major (requiring I/O) page faults: 0
	Minor (reclaiming a frame) page faults: 143509
	Voluntary context switches: 9356
	Involuntary context switches: 171
	Swaps: 0
	File system inputs: 1437360
	File system outputs: 1437400
	Socket messages sent: 0
	Socket messages received: 0
	Signals delivered: 0
	Page size (bytes): 4096
	Exit status: 0
