HNSW-FINGER
step 0
step 1
step 8
step 7
step 20
step 21
step 22
step 23
step 24
step 25
step 26
step 27
step 28
step 29
step 30
step 31
step 41
step 42
step 43
step 44
step 45
step 
256 256 26192 26192 26192
0.86603 26192 0.184482 0.199122 0.182236 0.234107
53
step 32
step 33
step 24
training time: 48040189
After train
After save
search time : 5311
recall : 0.2852
	Command being timed: "./go /users/PAS2671/kabir36/kabir/similarity-search/dataset/nytimes /users/PAS2671/kabir36/kabir/similarity-search/dataset/nytimes l2 24 100 1 50 0 0 1 0 0"
	User time (seconds): 47.60
	System time (seconds): 2.05
	Percent of CPU this job got: 95%
	Elapsed (wall clock) time (h:mm:ss or m:ss): 0:52.26
	Average shared text size (kbytes): 0
	Average unshared data size (kbytes): 0
	Average stack size (kbytes): 0
	Average total size (kbytes): 0
	Maximum resident set size (kbytes): 2094644
	Average resident set size (kbytes): 0
	Major (requiring I/O) page faults: 0
	Minor (reclaiming a frame) page faults: 42409
	Voluntary context switches: 12032
	Involuntary context switches: 105
	Swaps: 0
	File system inputs: 2399856
	File system outputs: 1819592
	Socket messages sent: 0
	Socket messages received: 0
	Signals delivered: 0
	Page size (bytes): 4096
	Exit status: 0
