HNSW-FINGER
step 0
step 1
step 8
step 7
step 20
step 21
step 22
step 23
step 24
step 25
step 26
step 27
step 28
step 29
step 30
step 31
step 41
step 42
step 43
step 44
step 45
step 
512 512 76899 76899 76899
0.521386 76899 0.311332 0.121856 0.380178 0.143497
48
step 32
step 33
step 24
training time: 49548225
After train
After save
search time : 37061
recall : 0.81825
	Command being timed: "./go /users/PAS2671/kabir36/kabir/similarity-search/dataset/sun /users/PAS2671/kabir36/kabir/similarity-search/dataset/sun l2 12 100 1 50 0 0 1 0 0"
	User time (seconds): 49.48
	System time (seconds): 0.92
	Percent of CPU this job got: 98%
	Elapsed (wall clock) time (h:mm:ss or m:ss): 0:50.99
	Average shared text size (kbytes): 0
	Average unshared data size (kbytes): 0
	Average stack size (kbytes): 0
	Average total size (kbytes): 0
	Maximum resident set size (kbytes): 1633644
	Average resident set size (kbytes): 0
	Major (requiring I/O) page faults: 0
	Minor (reclaiming a frame) page faults: 107419
	Voluntary context switches: 5429
	Involuntary context switches: 113
	Swaps: 0
	File system inputs: 579600
	File system outputs: 579640
	Socket messages sent: 0
	Socket messages received: 0
	Signals delivered: 0
	Page size (bytes): 4096
	Exit status: 0
