HNSW-FINGER
step 0
step 1
step 8
step 7
step 20
step 21
step 22
step 23
step 24
step 25
step 26
step 27
step 28
step 29
step 30
step 31
step 41
step 42
step 43
step 44
step 45
step 
512 512 78533 78533 78533
0.534433 78533 0.307124 0.132032 0.372613 0.146324
48
step 32
step 33
step 24
training time: 184714739
After train
After save
search time : 47350
recall : 0.942
	Command being timed: "./go /users/PAS2671/kabir36/kabir/similarity-search/dataset/sun /users/PAS2671/kabir36/kabir/similarity-search/dataset/sun l2 48 500 1 50 0 0 1 0 0"
	User time (seconds): 184.39
	System time (seconds): 1.01
	Percent of CPU this job got: 98%
	Elapsed (wall clock) time (h:mm:ss or m:ss): 3:08.44
	Average shared text size (kbytes): 0
	Average unshared data size (kbytes): 0
	Average stack size (kbytes): 0
	Average total size (kbytes): 0
	Maximum resident set size (kbytes): 1828924
	Average resident set size (kbytes): 0
	Major (requiring I/O) page faults: 2
	Minor (reclaiming a frame) page faults: 109946
	Voluntary context switches: 6594
	Involuntary context switches: 1980
	Swaps: 0
	File system inputs: 352656
	File system outputs: 907184
	Socket messages sent: 0
	Socket messages received: 0
	Signals delivered: 0
	Page size (bytes): 4096
	Exit status: 0
