HNSW-FINGER
step 0
step 1
step 8
step 7
step 20
step 21
step 22
step 23
step 24
step 25
step 26
step 27
step 28
step 29
step 30
step 31
step 41
step 42
step 43
step 44
step 45
step 
512 512 77256 77256 77256
0.52504 77256 0.313937 0.123954 0.381484 0.143291
48
step 32
step 33
step 24
training time: 58707688
After train
After save
search time : 45665
recall : 0.88875
	Command being timed: "./go /users/PAS2671/kabir36/kabir/similarity-search/dataset/sun /users/PAS2671/kabir36/kabir/similarity-search/dataset/sun l2 24 100 1 50 0 0 1 0 0"
	User time (seconds): 58.71
	System time (seconds): 0.94
	Percent of CPU this job got: 98%
	Elapsed (wall clock) time (h:mm:ss or m:ss): 1:00.27
	Average shared text size (kbytes): 0
	Average unshared data size (kbytes): 0
	Average stack size (kbytes): 0
	Average total size (kbytes): 0
	Maximum resident set size (kbytes): 1651020
	Average resident set size (kbytes): 0
	Major (requiring I/O) page faults: 0
	Minor (reclaiming a frame) page faults: 173707
	Voluntary context switches: 4581
	Involuntary context switches: 141
	Swaps: 0
	File system inputs: 654992
	File system outputs: 655032
	Socket messages sent: 0
	Socket messages received: 0
	Signals delivered: 0
	Page size (bytes): 4096
	Exit status: 0
