HNSW-FINGER
step 0
step 1
step 8
step 7
step 20
step 21
step 22
step 23
step 24
step 25
step 26
step 27
step 28
step 29
step 30
step 31
step 41
step 42
step 43
step 44
step 45
step 
512 512 78289 78289 78289
0.517633 78289 0.298671 0.123822 0.3672 0.144115
48
step 32
step 33
step 24
training time: 123459872
After train
After save
search time : 69389
recall : 0.93275
	Command being timed: "./go /users/PAS2671/kabir36/kabir/similarity-search/dataset/sun /users/PAS2671/kabir36/kabir/similarity-search/dataset/sun l2 12 400 1 100 0 0 1 0 0"
	User time (seconds): 123.17
	System time (seconds): 1.08
	Percent of CPU this job got: 98%
	Elapsed (wall clock) time (h:mm:ss or m:ss): 2:06.50
	Average shared text size (kbytes): 0
	Average unshared data size (kbytes): 0
	Average stack size (kbytes): 0
	Average total size (kbytes): 0
	Maximum resident set size (kbytes): 1650616
	Average resident set size (kbytes): 0
	Major (requiring I/O) page faults: 0
	Minor (reclaiming a frame) page faults: 109801
	Voluntary context switches: 3190
	Involuntary context switches: 28083
	Swaps: 0
	File system inputs: 317272
	File system outputs: 579624
	Socket messages sent: 0
	Socket messages received: 0
	Signals delivered: 0
	Page size (bytes): 4096
	Exit status: 0
