HNSW-FINGER
step 0
step 1
step 8
step 7
step 20
step 21
step 22
step 23
step 24
step 25
step 26
step 27
step 28
step 29
step 30
step 31
step 41
step 42
step 43
step 44
step 45
step 
256 256 90962 90962 90962
0.544802 90962 0.144434 0.29579 0.320695 0.287281
53
step 32
step 33
step 24
training time: 32815441
After train
After save
search time : 12576
recall : 0.486
	Command being timed: "./go /users/PAS2671/kabir36/kabir/similarity-search/dataset/vcseis /users/PAS2671/kabir36/kabir/similarity-search/dataset/vcseis l2 24 100 1 50 0 0 1 0 0"
	User time (seconds): 32.55
	System time (seconds): 1.20
	Percent of CPU this job got: 97%
	Elapsed (wall clock) time (h:mm:ss or m:ss): 0:34.58
	Average shared text size (kbytes): 0
	Average unshared data size (kbytes): 0
	Average stack size (kbytes): 0
	Average total size (kbytes): 0
	Maximum resident set size (kbytes): 1540068
	Average resident set size (kbytes): 0
	Major (requiring I/O) page faults: 0
	Minor (reclaiming a frame) page faults: 124540
	Voluntary context switches: 7502
	Involuntary context switches: 81
	Swaps: 0
	File system inputs: 1005128
	File system outputs: 1005160
	Socket messages sent: 0
	Socket messages received: 0
	Signals delivered: 0
	Page size (bytes): 4096
	Exit status: 0
