HNSW-FINGER
step 0
step 1
step 8
step 7
step 20
step 21
step 22
step 23
step 24
step 25
step 26
step 27
step 28
step 29
step 30
step 31
step 41
step 42
step 43
step 44
step 45
step 
256 256 100905 100905 100905
0.558681 100905 0.136385 0.292461 0.308089 0.286765
53
step 32
step 33
step 24
training time: 99022226
After train
After save
search time : 12694
recall : 0.5238
	Command being timed: "./go /users/PAS2671/kabir36/kabir/similarity-search/dataset/vcseis /users/PAS2671/kabir36/kabir/similarity-search/dataset/vcseis l2 12 400 1 100 0 0 1 0 0"
	User time (seconds): 98.48
	System time (seconds): 0.95
	Percent of CPU this job got: 97%
	Elapsed (wall clock) time (h:mm:ss or m:ss): 1:41.89
	Average shared text size (kbytes): 0
	Average unshared data size (kbytes): 0
	Average stack size (kbytes): 0
	Average total size (kbytes): 0
	Maximum resident set size (kbytes): 1493672
	Average resident set size (kbytes): 0
	Major (requiring I/O) page faults: 0
	Minor (reclaiming a frame) page faults: 79159
	Voluntary context switches: 3451
	Involuntary context switches: 4644
	Swaps: 0
	File system inputs: 320648
	File system outputs: 852480
	Socket messages sent: 0
	Socket messages received: 0
	Signals delivered: 0
	Page size (bytes): 4096
	Exit status: 0
