HNSW-FINGER
step 0
step 1
step 8
step 7
step 20
step 21
step 22
step 23
step 24
step 25
step 26
step 27
step 28
step 29
step 30
step 31
step 41
step 42
step 43
step 44
step 45
step 
256 256 105941 105941 105941
0.563792 105941 0.13989 0.295656 0.304956 0.285225
53
step 32
step 33
step 24
training time: 115988371
After train
After save
search time : 12967
recall : 0.5926
	Command being timed: "./go /users/PAS2671/kabir36/kabir/similarity-search/dataset/vcseis /users/PAS2671/kabir36/kabir/similarity-search/dataset/vcseis l2 48 500 1 50 0 0 1 0 0"
	User time (seconds): 115.43
	System time (seconds): 1.51
	Percent of CPU this job got: 96%
	Elapsed (wall clock) time (h:mm:ss or m:ss): 2:01.23
	Average shared text size (kbytes): 0
	Average unshared data size (kbytes): 0
	Average stack size (kbytes): 0
	Average total size (kbytes): 0
	Maximum resident set size (kbytes): 1950312
	Average resident set size (kbytes): 0
	Major (requiring I/O) page faults: 6
	Minor (reclaiming a frame) page faults: 84526
	Voluntary context switches: 13905
	Involuntary context switches: 5085
	Swaps: 0
	File system inputs: 1851944
	File system outputs: 1515720
	Socket messages sent: 0
	Socket messages received: 0
	Signals delivered: 0
	Page size (bytes): 4096
	Exit status: 0
