HNSW-FINGER
step 0
step 1
step 8
step 7
step 20
step 21
step 22
step 23
step 24
step 25
step 26
step 27
step 28
step 29
step 30
step 31
step 41
step 42
step 43
step 44
step 45
step 
300 300 136729 136729 136729
0.609759 136729 0.137023 0.249092 0.249766 0.273554
53
step 32
step 33
step 24
training time: 143075148
After train
After save
search time : 22956
recall : 0.9235
	Command being timed: "./go /users/PAS2671/kabir36/kabir/similarity-search/dataset/yahoomusic /users/PAS2671/kabir36/kabir/similarity-search/dataset/yahoomusic l2 48 500 1 50 0 0 1 0 0"
	User time (seconds): 142.44
	System time (seconds): 1.32
	Percent of CPU this job got: 97%
	Elapsed (wall clock) time (h:mm:ss or m:ss): 2:27.15
	Average shared text size (kbytes): 0
	Average unshared data size (kbytes): 0
	Average stack size (kbytes): 0
	Average total size (kbytes): 0
	Maximum resident set size (kbytes): 2125868
	Average resident set size (kbytes): 0
	Major (requiring I/O) page faults: 1
	Minor (reclaiming a frame) page faults: 175923
	Voluntary context switches: 8725
	Involuntary context switches: 3599
	Swaps: 0
	File system inputs: 352048
	File system outputs: 1340992
	Socket messages sent: 0
	Socket messages received: 0
	Signals delivered: 0
	Page size (bytes): 4096
	Exit status: 0
