HNSW-FINGER
step 0
step 1
step 8
step 7
step 20
step 21
step 22
step 23
step 24
step 25
step 26
step 27
step 28
step 29
step 30
step 31
step 41
step 42
step 43
step 44
step 45
step 
300 300 136705 136705 136705
0.600166 136705 0.149036 0.245576 0.263484 0.26689
53
step 32
step 33
step 24
training time: 42493533
After train
After save
search time : 21031
recall : 0.8832
	Command being timed: "./go /users/PAS2671/kabir36/kabir/similarity-search/dataset/yahoomusic /users/PAS2671/kabir36/kabir/similarity-search/dataset/yahoomusic l2 12 100 1 50 0 0 1 0 0"
	User time (seconds): 42.25
	System time (seconds): 1.20
	Percent of CPU this job got: 95%
	Elapsed (wall clock) time (h:mm:ss or m:ss): 0:45.46
	Average shared text size (kbytes): 0
	Average unshared data size (kbytes): 0
	Average stack size (kbytes): 0
	Average total size (kbytes): 0
	Maximum resident set size (kbytes): 1753020
	Average resident set size (kbytes): 0
	Major (requiring I/O) page faults: 0
	Minor (reclaiming a frame) page faults: 191722
	Voluntary context switches: 5931
	Involuntary context switches: 101
	Swaps: 0
	File system inputs: 1095584
	File system outputs: 774824
	Socket messages sent: 0
	Socket messages received: 0
	Signals delivered: 0
	Page size (bytes): 4096
	Exit status: 0
