HNSW-FINGER
step 0
step 1
step 8
step 7
step 20
step 21
step 22
step 23
step 24
step 25
step 26
step 27
step 28
step 29
step 30
step 31
step 41
step 42
step 43
step 44
step 45
step 
300 300 136727 136727 136727
0.604925 136727 0.131994 0.243975 0.247012 0.27115
53
step 32
step 33
step 24
training time: 116543873
After train
After save
search time : 21369
recall : 0.8989
	Command being timed: "./go /users/PAS2671/kabir36/kabir/similarity-search/dataset/yahoomusic /users/PAS2671/kabir36/kabir/similarity-search/dataset/yahoomusic l2 12 400 1 100 0 0 1 0 0"
	User time (seconds): 116.10
	System time (seconds): 1.03
	Percent of CPU this job got: 97%
	Elapsed (wall clock) time (h:mm:ss or m:ss): 1:59.55
	Average shared text size (kbytes): 0
	Average unshared data size (kbytes): 0
	Average stack size (kbytes): 0
	Average total size (kbytes): 0
	Maximum resident set size (kbytes): 1754740
	Average resident set size (kbytes): 0
	Major (requiring I/O) page faults: 0
	Minor (reclaiming a frame) page faults: 110740
	Voluntary context switches: 3996
	Involuntary context switches: 242
	Swaps: 0
	File system inputs: 320800
	File system outputs: 774808
	Socket messages sent: 0
	Socket messages received: 0
	Signals delivered: 0
	Page size (bytes): 4096
	Exit status: 0
