HNSW-FINGER
step 0
step 1
step 8
step 7
step 20
step 21
step 22
step 23
step 24
step 25
step 26
step 27
step 28
step 29
step 30
step 31
step 41
step 42
step 43
step 44
step 45
step 
50 50 76770 76770 76770
0.873247 76770 0.162525 0.204977 0.167726 0.231067
53
step 32
step 33
step 24
training time: 10369320
After train
After save
search time : 16255
recall : 0.4336
	Command being timed: "./go /users/PAS2671/kabir36/kabir/similarity-search/dataset/Yelp /users/PAS2671/kabir36/kabir/similarity-search/dataset/Yelp l2 12 100 1 50 0 0 1 0 0"
	User time (seconds): 10.53
	System time (seconds): 0.30
	Percent of CPU this job got: 92%
	Elapsed (wall clock) time (h:mm:ss or m:ss): 0:11.68
	Average shared text size (kbytes): 0
	Average unshared data size (kbytes): 0
	Average stack size (kbytes): 0
	Average total size (kbytes): 0
	Maximum resident set size (kbytes): 311512
	Average resident set size (kbytes): 0
	Major (requiring I/O) page faults: 0
	Minor (reclaiming a frame) page faults: 33063
	Voluntary context switches: 2248
	Involuntary context switches: 34
	Swaps: 0
	File system inputs: 316320
	File system outputs: 286112
	Socket messages sent: 0
	Socket messages received: 0
	Signals delivered: 0
	Page size (bytes): 4096
	Exit status: 0
