HNSW-FINGER
step 0
step 1
step 8
step 7
step 20
step 21
step 22
step 23
step 24
step 25
step 26
step 27
step 28
step 29
step 30
step 31
step 41
step 42
step 43
step 44
step 45
step 
50 50 77013 77013 77013
0.878275 77013 0.134663 0.208137 0.136384 0.234532
53
step 32
step 33
step 24
training time: 28170999
After train
After save
search time : 16164
recall : 0.5774
	Command being timed: "./go /users/PAS2671/kabir36/kabir/similarity-search/dataset/Yelp /users/PAS2671/kabir36/kabir/similarity-search/dataset/Yelp l2 12 400 1 100 0 0 1 0 0"
	User time (seconds): 28.23
	System time (seconds): 0.31
	Percent of CPU this job got: 98%
	Elapsed (wall clock) time (h:mm:ss or m:ss): 0:28.96
	Average shared text size (kbytes): 0
	Average unshared data size (kbytes): 0
	Average stack size (kbytes): 0
	Average total size (kbytes): 0
	Maximum resident set size (kbytes): 312808
	Average resident set size (kbytes): 0
	Major (requiring I/O) page faults: 2
	Minor (reclaiming a frame) page faults: 33393
	Voluntary context switches: 1849
	Involuntary context switches: 68
	Swaps: 0
	File system inputs: 317048
	File system outputs: 286104
	Socket messages sent: 0
	Socket messages received: 0
	Signals delivered: 0
	Page size (bytes): 4096
	Exit status: 0
