HNSW-FINGER
step 0
step 1
step 8
step 7
step 20
step 21
step 22
step 23
step 24
step 25
step 26
step 27
step 28
step 29
step 30
step 31
step 41
step 42
step 43
step 44
step 45
step 
50 50 76870 76870 76870
0.88136 76870 0.171533 0.21115 0.176718 0.235915
53
step 32
step 33
step 24
training time: 10969326
After train
After save
search time : 18710
recall : 0.4751
	Command being timed: "./go /users/PAS2671/kabir36/kabir/similarity-search/dataset/Yelp /users/PAS2671/kabir36/kabir/similarity-search/dataset/Yelp l2 24 100 1 50 0 0 1 0 0"
	User time (seconds): 11.12
	System time (seconds): 0.35
	Percent of CPU this job got: 97%
	Elapsed (wall clock) time (h:mm:ss or m:ss): 0:11.74
	Average shared text size (kbytes): 0
	Average unshared data size (kbytes): 0
	Average stack size (kbytes): 0
	Average total size (kbytes): 0
	Maximum resident set size (kbytes): 360612
	Average resident set size (kbytes): 0
	Major (requiring I/O) page faults: 0
	Minor (reclaiming a frame) page faults: 31632
	Voluntary context switches: 2062
	Involuntary context switches: 30
	Swaps: 0
	File system inputs: 359552
	File system outputs: 359576
	Socket messages sent: 0
	Socket messages received: 0
	Signals delivered: 0
	Page size (bytes): 4096
	Exit status: 0
