HNSW
step 0
step 1
step 7
step 20
step 21
step 22
step 23
step 24
step 25
step 26
step 27
step 28
step 29
training time: 8166772
After train
After save
search time : 18261
recall : 0.977
	Command being timed: "./go /users/PAS2671/kabir36/kabir/similarity-search/dataset/audio /users/PAS2671/kabir36/kabir/similarity-search/dataset/audio l2 24 100 1 50 0 0 1 0 2"
	User time (seconds): 8.46
	System time (seconds): 0.19
	Percent of CPU this job got: 89%
	Elapsed (wall clock) time (h:mm:ss or m:ss): 0:09.64
	Average shared text size (kbytes): 0
	Average unshared data size (kbytes): 0
	Average stack size (kbytes): 0
	Average total size (kbytes): 0
	Maximum resident set size (kbytes): 112836
	Average resident set size (kbytes): 0
	Major (requiring I/O) page faults: 7
	Minor (reclaiming a frame) page faults: 17830
	Voluntary context switches: 1410
	Involuntary context switches: 21
	Swaps: 0
	File system inputs: 303744
	File system outputs: 133072
	Socket messages sent: 0
	Socket messages received: 0
	Signals delivered: 0
	Page size (bytes): 4096
	Exit status: 0
