HNSW
step 0
step 1
step 7
step 20
step 21
step 22
step 23
step 24
step 25
step 26
step 27
step 28
step 29
training time: 4294405
After train
After save
search time : 11139
recall : 0.9479
	Command being timed: "./go /users/PAS2671/kabir36/kabir/similarity-search/dataset/ethz /users/PAS2671/kabir36/kabir/similarity-search/dataset/ethz l2 24 100 1 50 0 0 1 0 2"
	User time (seconds): 4.53
	System time (seconds): 0.18
	Percent of CPU this job got: 81%
	Elapsed (wall clock) time (h:mm:ss or m:ss): 0:05.77
	Average shared text size (kbytes): 0
	Average unshared data size (kbytes): 0
	Average stack size (kbytes): 0
	Average total size (kbytes): 0
	Maximum resident set size (kbytes): 96992
	Average resident set size (kbytes): 0
	Major (requiring I/O) page faults: 8
	Minor (reclaiming a frame) page faults: 16958
	Voluntary context switches: 1273
	Involuntary context switches: 11
	Swaps: 0
	File system inputs: 275912
	File system outputs: 109664
	Socket messages sent: 0
	Socket messages received: 0
	Signals delivered: 0
	Page size (bytes): 4096
	Exit status: 0
