HNSW
step 0
step 1
step 7
step 20
step 21
step 22
step 23
step 24
step 25
step 26
step 27
step 28
step 29
training time: 32454818
After train
After save
search time : 10366
recall : 0.945
	Command being timed: "./go /users/PAS2671/kabir36/kabir/similarity-search/dataset/lastfm /users/PAS2671/kabir36/kabir/similarity-search/dataset/lastfm l2 24 100 1 50 0 0 1 0 2"
	User time (seconds): 32.57
	System time (seconds): 0.51
	Percent of CPU this job got: 95%
	Elapsed (wall clock) time (h:mm:ss or m:ss): 0:34.82
	Average shared text size (kbytes): 0
	Average unshared data size (kbytes): 0
	Average stack size (kbytes): 0
	Average total size (kbytes): 0
	Maximum resident set size (kbytes): 310548
	Average resident set size (kbytes): 0
	Major (requiring I/O) page faults: 6
	Minor (reclaiming a frame) page faults: 21199
	Voluntary context switches: 3000
	Involuntary context switches: 70
	Swaps: 0
	File system inputs: 675984
	File system outputs: 438608
	Socket messages sent: 0
	Socket messages received: 0
	Signals delivered: 0
	Page size (bytes): 4096
	Exit status: 0
