HNSW
step 0
step 1
step 7
step 20
step 21
step 22
step 23
step 24
step 25
step 26
step 27
step 28
step 29
training time: 27864631
After train
After save
search time : 48175
recall : 0.9915
	Command being timed: "./go /users/PAS2671/kabir36/kabir/similarity-search/dataset/MNIST /users/PAS2671/kabir36/kabir/similarity-search/dataset/MNIST l2 24 100 1 50 0 0 1 0 2"
	User time (seconds): 28.36
	System time (seconds): 0.43
	Percent of CPU this job got: 93%
	Elapsed (wall clock) time (h:mm:ss or m:ss): 0:30.85
	Average shared text size (kbytes): 0
	Average unshared data size (kbytes): 0
	Average stack size (kbytes): 0
	Average total size (kbytes): 0
	Maximum resident set size (kbytes): 464392
	Average resident set size (kbytes): 0
	Major (requiring I/O) page faults: 7
	Minor (reclaiming a frame) page faults: 18268
	Voluntary context switches: 3921
	Involuntary context switches: 915
	Swaps: 0
	File system inputs: 506480
	File system outputs: 491112
	Socket messages sent: 0
	Socket messages received: 0
	Signals delivered: 0
	Page size (bytes): 4096
	Exit status: 0
