HNSW
step 0
step 1
step 7
step 20
step 21
step 22
step 23
step 24
step 25
step 26
step 27
step 28
step 29
training time: 23941473
After train
After save
search time : 36752
recall : 0.977
	Command being timed: "./go /users/PAS2671/kabir36/kabir/similarity-search/dataset/MNIST /users/PAS2671/kabir36/kabir/similarity-search/dataset/MNIST l2 12 100 1 50 0 0 1 0 2"
	User time (seconds): 24.30
	System time (seconds): 0.49
	Percent of CPU this job got: 88%
	Elapsed (wall clock) time (h:mm:ss or m:ss): 0:27.98
	Average shared text size (kbytes): 0
	Average unshared data size (kbytes): 0
	Average stack size (kbytes): 0
	Average total size (kbytes): 0
	Maximum resident set size (kbytes): 455228
	Average resident set size (kbytes): 0
	Major (requiring I/O) page faults: 0
	Minor (reclaiming a frame) page faults: 20584
	Voluntary context switches: 4719
	Involuntary context switches: 3872
	Swaps: 0
	File system inputs: 423896
	File system outputs: 472776
	Socket messages sent: 0
	Socket messages received: 0
	Signals delivered: 0
	Page size (bytes): 4096
	Exit status: 0
