HNSW
step 0
step 1
step 7
step 20
step 21
step 22
step 23
step 24
step 25
step 26
step 27
step 28
step 29
training time: 2740668
After train
After save
search time : 148360
recall : 0.99154
	Command being timed: "./go /users/PAS2671/kabir36/kabir/similarity-search/dataset/netflix /users/PAS2671/kabir36/kabir/similarity-search/dataset/netflix l2 24 100 1 50 0 0 1 0 2"
	User time (seconds): 4.42
	System time (seconds): 0.09
	Percent of CPU this job got: 88%
	Elapsed (wall clock) time (h:mm:ss or m:ss): 0:05.09
	Average shared text size (kbytes): 0
	Average unshared data size (kbytes): 0
	Average stack size (kbytes): 0
	Average total size (kbytes): 0
	Maximum resident set size (kbytes): 56540
	Average resident set size (kbytes): 0
	Major (requiring I/O) page faults: 0
	Minor (reclaiming a frame) page faults: 16470
	Voluntary context switches: 688
	Involuntary context switches: 1963
	Swaps: 0
	File system inputs: 104064
	File system outputs: 59296
	Socket messages sent: 0
	Socket messages received: 0
	Signals delivered: 0
	Page size (bytes): 4096
	Exit status: 0
