HNSW
step 0
step 1
step 7
step 20
step 21
step 22
step 23
step 24
step 25
step 26
step 27
step 28
step 29
training time: 202842612
After train
After save
search time : 27338
recall : 0.98675
	Command being timed: "./go /users/PAS2671/kabir36/kabir/similarity-search/dataset/notre /users/PAS2671/kabir36/kabir/similarity-search/dataset/notre l2 12 400 1 100 0 0 1 0 2"
	User time (seconds): 202.63
	System time (seconds): 0.50
	Percent of CPU this job got: 98%
	Elapsed (wall clock) time (h:mm:ss or m:ss): 3:25.59
	Average shared text size (kbytes): 0
	Average unshared data size (kbytes): 0
	Average stack size (kbytes): 0
	Average total size (kbytes): 0
	Maximum resident set size (kbytes): 472396
	Average resident set size (kbytes): 0
	Major (requiring I/O) page faults: 5
	Minor (reclaiming a frame) page faults: 26644
	Voluntary context switches: 5475
	Involuntary context switches: 3174
	Swaps: 0
	File system inputs: 345528
	File system outputs: 574400
	Socket messages sent: 0
	Socket messages received: 0
	Signals delivered: 0
	Page size (bytes): 4096
	Exit status: 0
