HNSW
step 0
step 1
step 7
step 20
step 21
step 22
step 23
step 24
step 25
step 26
step 27
step 28
step 29
training time: 32182632
After train
After save
search time : 6097
recall : 0.3406
	Command being timed: "./go /users/PAS2671/kabir36/kabir/similarity-search/dataset/nytimes /users/PAS2671/kabir36/kabir/similarity-search/dataset/nytimes l2 12 100 1 50 0 0 1 0 2"
	User time (seconds): 32.22
	System time (seconds): 0.72
	Percent of CPU this job got: 91%
	Elapsed (wall clock) time (h:mm:ss or m:ss): 0:35.92
	Average shared text size (kbytes): 0
	Average unshared data size (kbytes): 0
	Average stack size (kbytes): 0
	Average total size (kbytes): 0
	Maximum resident set size (kbytes): 702344
	Average resident set size (kbytes): 0
	Major (requiring I/O) page faults: 0
	Minor (reclaiming a frame) page faults: 20963
	Voluntary context switches: 5484
	Involuntary context switches: 1988
	Swaps: 0
	File system inputs: 580296
	File system outputs: 790728
	Socket messages sent: 0
	Socket messages received: 0
	Signals delivered: 0
	Page size (bytes): 4096
	Exit status: 0
