HNSW
step 0
step 1
step 7
step 20
step 21
step 22
step 23
step 24
step 25
step 26
step 27
step 28
step 29
training time: 27301050
After train
After save
search time : 12334
recall : 0.491
	Command being timed: "./go /users/PAS2671/kabir36/kabir/similarity-search/dataset/vcseis /users/PAS2671/kabir36/kabir/similarity-search/dataset/vcseis l2 24 100 1 50 0 0 1 0 2"
	User time (seconds): 27.40
	System time (seconds): 0.53
	Percent of CPU this job got: 93%
	Elapsed (wall clock) time (h:mm:ss or m:ss): 0:29.93
	Average shared text size (kbytes): 0
	Average unshared data size (kbytes): 0
	Average stack size (kbytes): 0
	Average total size (kbytes): 0
	Maximum resident set size (kbytes): 410972
	Average resident set size (kbytes): 0
	Major (requiring I/O) page faults: 0
	Minor (reclaiming a frame) page faults: 19399
	Voluntary context switches: 5489
	Involuntary context switches: 806
	Swaps: 0
	File system inputs: 799936
	File system outputs: 479304
	Socket messages sent: 0
	Socket messages received: 0
	Signals delivered: 0
	Page size (bytes): 4096
	Exit status: 0
