HNSW
step 0
step 1
step 7
step 20
step 21
step 22
step 23
step 24
step 25
step 26
step 27
step 28
step 29
training time: 134906577
After train
After save
search time : 26717
recall : 0.9772
	Command being timed: "./go /users/PAS2671/kabir36/kabir/similarity-search/dataset/yahoomusic /users/PAS2671/kabir36/kabir/similarity-search/dataset/yahoomusic l2 48 500 1 50 0 0 1 0 2"
	User time (seconds): 134.98
	System time (seconds): 0.61
	Percent of CPU this job got: 98%
	Elapsed (wall clock) time (h:mm:ss or m:ss): 2:17.90
	Average shared text size (kbytes): 0
	Average unshared data size (kbytes): 0
	Average stack size (kbytes): 0
	Average total size (kbytes): 0
	Maximum resident set size (kbytes): 462524
	Average resident set size (kbytes): 0
	Major (requiring I/O) page faults: 0
	Minor (reclaiming a frame) page faults: 22303
	Voluntary context switches: 7876
	Involuntary context switches: 284
	Swaps: 0
	File system inputs: 905136
	File system outputs: 584360
	Socket messages sent: 0
	Socket messages received: 0
	Signals delivered: 0
	Page size (bytes): 4096
	Exit status: 0
