HNSW
step 0
step 1
step 7
step 20
step 21
step 22
step 23
step 24
step 25
step 26
step 27
step 28
step 29
training time: 19448524
After train
After save
search time : 11130
recall : 0.658
	Command being timed: "./go /users/PAS2671/kabir36/kabir/similarity-search/dataset/Yelp /users/PAS2671/kabir36/kabir/similarity-search/dataset/Yelp l2 12 400 1 100 0 0 1 0 2"
	User time (seconds): 19.58
	System time (seconds): 0.10
	Percent of CPU this job got: 99%
	Elapsed (wall clock) time (h:mm:ss or m:ss): 0:19.83
	Average shared text size (kbytes): 0
	Average unshared data size (kbytes): 0
	Average stack size (kbytes): 0
	Average total size (kbytes): 0
	Maximum resident set size (kbytes): 65356
	Average resident set size (kbytes): 0
	Major (requiring I/O) page faults: 0
	Minor (reclaiming a frame) page faults: 18539
	Voluntary context switches: 1186
	Involuntary context switches: 57
	Swaps: 0
	File system inputs: 116344
	File system outputs: 86128
	Socket messages sent: 0
	Socket messages received: 0
	Signals delivered: 0
	Page size (bytes): 4096
	Exit status: 0
