Command terminated by signal 9
	Command being timed: "./go /users/PAS2671/kabir36/kabir/similarity-search/dataset/astro1m /users/PAS2671/kabir36/kabir/similarity-search/dataset/astro1m l2 24 500 96 50 0 0 1 0"
	User time (seconds): 2855.54
	System time (seconds): 5.47
	Percent of CPU this job got: 99%
	Elapsed (wall clock) time (h:mm:ss or m:ss): 47:58.41
	Average shared text size (kbytes): 0
	Average unshared data size (kbytes): 0
	Average stack size (kbytes): 0
	Average total size (kbytes): 0
	Maximum resident set size (kbytes): 4667468
	Average resident set size (kbytes): 0
	Major (requiring I/O) page faults: 6
	Minor (reclaiming a frame) page faults: 715951
	Voluntary context switches: 389895
	Involuntary context switches: 639377
	Swaps: 0
	File system inputs: 2009896
	File system outputs: 0
	Socket messages sent: 0
	Socket messages received: 0
	Signals delivered: 0
	Page size (bytes): 4096
	Exit status: 0
