training time: 47925470
After train
After save
search time : 10202
recall : 0.8785
	Command being timed: "./go /users/PAS2671/kabir36/kabir/similarity-search/dataset/audio /users/PAS2671/kabir36/kabir/similarity-search/dataset/audio l2 24 500 96 10,20,50 0 0 1 0"
	User time (seconds): 47.53
	System time (seconds): 0.52
	Percent of CPU this job got: 98%
	Elapsed (wall clock) time (h:mm:ss or m:ss): 0:48.96
	Average shared text size (kbytes): 0
	Average unshared data size (kbytes): 0
	Average stack size (kbytes): 0
	Average total size (kbytes): 0
	Maximum resident set size (kbytes): 488468
	Average resident set size (kbytes): 0
	Major (requiring I/O) page faults: 7
	Minor (reclaiming a frame) page faults: 68272
	Voluntary context switches: 26259
	Involuntary context switches: 15303
	Swaps: 0
	File system inputs: 331224
	File system outputs: 241608
	Socket messages sent: 0
	Socket messages received: 0
	Signals delivered: 0
	Page size (bytes): 4096
	Exit status: 0
