training time: 126718366
After train
After save
search time : 19079
recall : 0.72375
	Command being timed: "./go /users/PAS2671/kabir36/kabir/similarity-search/dataset/cifar /users/PAS2671/kabir36/kabir/similarity-search/dataset/cifar l2 24 500 96 10,20,50 0 0 1 0"
	User time (seconds): 126.09
	System time (seconds): 0.96
	Percent of CPU this job got: 98%
	Elapsed (wall clock) time (h:mm:ss or m:ss): 2:09.06
	Average shared text size (kbytes): 0
	Average unshared data size (kbytes): 0
	Average stack size (kbytes): 0
	Average total size (kbytes): 0
	Maximum resident set size (kbytes): 1065444
	Average resident set size (kbytes): 0
	Major (requiring I/O) page faults: 2
	Minor (reclaiming a frame) page faults: 136491
	Voluntary context switches: 47885
	Involuntary context switches: 23822
	Swaps: 0
	File system inputs: 570480
	File system outputs: 351448
	Socket messages sent: 0
	Socket messages received: 0
	Signals delivered: 0
	Page size (bytes): 4096
	Exit status: 0
