Command terminated by signal 9
	Command being timed: "./go /users/PAS2671/kabir36/kabir/similarity-search/dataset/deep /users/PAS2671/kabir36/kabir/similarity-search/dataset/deep l2 24 500 96 10,20,50 0 0 1 0"
	User time (seconds): 2229.30
	System time (seconds): 4.06
	Percent of CPU this job got: 99%
	Elapsed (wall clock) time (h:mm:ss or m:ss): 37:30.73
	Average shared text size (kbytes): 0
	Average unshared data size (kbytes): 0
	Average stack size (kbytes): 0
	Average total size (kbytes): 0
	Maximum resident set size (kbytes): 4667056
	Average resident set size (kbytes): 0
	Major (requiring I/O) page faults: 0
	Minor (reclaiming a frame) page faults: 716342
	Voluntary context switches: 211049
	Involuntary context switches: 503090
	Swaps: 0
	File system inputs: 2023208
	File system outputs: 0
	Socket messages sent: 0
	Socket messages received: 0
	Signals delivered: 0
	Page size (bytes): 4096
	Exit status: 0
