training time: 27847738
After train
After save
search time : 11216
recall : 0.9077
	Command being timed: "./go /users/PAS2671/kabir36/kabir/similarity-search/dataset/ethz /users/PAS2671/kabir36/kabir/similarity-search/dataset/ethz l2 24 500 96 50 0 0 1 0"
	User time (seconds): 27.74
	System time (seconds): 0.41
	Percent of CPU this job got: 98%
	Elapsed (wall clock) time (h:mm:ss or m:ss): 0:28.66
	Average shared text size (kbytes): 0
	Average unshared data size (kbytes): 0
	Average stack size (kbytes): 0
	Average total size (kbytes): 0
	Maximum resident set size (kbytes): 372644
	Average resident set size (kbytes): 0
	Major (requiring I/O) page faults: 2
	Minor (reclaiming a frame) page faults: 61746
	Voluntary context switches: 21035
	Involuntary context switches: 5167
	Swaps: 0
	File system inputs: 340704
	File system outputs: 184224
	Socket messages sent: 0
	Socket messages received: 0
	Signals delivered: 0
	Page size (bytes): 4096
	Exit status: 0
