Command terminated by signal 9
	Command being timed: "./go /users/PAS2671/kabir36/kabir/similarity-search/dataset/gist /users/PAS2671/kabir36/kabir/similarity-search/dataset/gist l2 24 500 96 10,20,50 0 0 1 0"
	User time (seconds): 1.09
	System time (seconds): 4.59
	Percent of CPU this job got: 22%
	Elapsed (wall clock) time (h:mm:ss or m:ss): 0:25.65
	Average shared text size (kbytes): 0
	Average unshared data size (kbytes): 0
	Average stack size (kbytes): 0
	Average total size (kbytes): 0
	Maximum resident set size (kbytes): 4667576
	Average resident set size (kbytes): 0
	Major (requiring I/O) page faults: 0
	Minor (reclaiming a frame) page faults: 244385
	Voluntary context switches: 12465
	Involuntary context switches: 2008
	Swaps: 0
	File system inputs: 7508296
	File system outputs: 0
	Socket messages sent: 0
	Socket messages received: 0
	Signals delivered: 0
	Page size (bytes): 4096
	Exit status: 0
