training time: 562027963
After train
After save
search time : 11221
recall : 0.8395
	Command being timed: "./go /users/PAS2671/kabir36/kabir/similarity-search/dataset/instancegm /users/PAS2671/kabir36/kabir/similarity-search/dataset/instancegm l2 24 500 96 50 0 0 1 0"
	User time (seconds): 559.22
	System time (seconds): 5.04
	Percent of CPU this job got: 98%
	Elapsed (wall clock) time (h:mm:ss or m:ss): 9:32.22
	Average shared text size (kbytes): 0
	Average unshared data size (kbytes): 0
	Average stack size (kbytes): 0
	Average total size (kbytes): 0
	Maximum resident set size (kbytes): 4290884
	Average resident set size (kbytes): 0
	Major (requiring I/O) page faults: 0
	Minor (reclaiming a frame) page faults: 258003
	Voluntary context switches: 145759
	Involuntary context switches: 112445
	Swaps: 0
	File system inputs: 5238216
	File system outputs: 4218840
	Socket messages sent: 0
	Socket messages received: 0
	Signals delivered: 0
	Page size (bytes): 4096
	Exit status: 0
