training time: 201085815
After train
After save
search time : 15467
recall : 0.9291
	Command being timed: "./go /users/PAS2671/kabir36/kabir/similarity-search/dataset/lastfm /users/PAS2671/kabir36/kabir/similarity-search/dataset/lastfm l2 24 500 96 10,20,50 0 0 1 0"
	User time (seconds): 199.91
	System time (seconds): 1.72
	Percent of CPU this job got: 98%
	Elapsed (wall clock) time (h:mm:ss or m:ss): 3:24.56
	Average shared text size (kbytes): 0
	Average unshared data size (kbytes): 0
	Average stack size (kbytes): 0
	Average total size (kbytes): 0
	Maximum resident set size (kbytes): 1385988
	Average resident set size (kbytes): 0
	Major (requiring I/O) page faults: 0
	Minor (reclaiming a frame) page faults: 178264
	Voluntary context switches: 72629
	Involuntary context switches: 37978
	Swaps: 0
	File system inputs: 1181136
	File system outputs: 1032536
	Socket messages sent: 0
	Socket messages received: 0
	Signals delivered: 0
	Page size (bytes): 4096
	Exit status: 0
