Command terminated by signal 11
	Command being timed: "./go /users/PAS2671/kabir36/kabir/similarity-search/dataset/lendb /users/PAS2671/kabir36/kabir/similarity-search/dataset/lendb l2 24 500 96 10,20,50 0 0 1 0"
	User time (seconds): 0.11
	System time (seconds): 0.04
	Percent of CPU this job got: 20%
	Elapsed (wall clock) time (h:mm:ss or m:ss): 0:00.74
	Average shared text size (kbytes): 0
	Average unshared data size (kbytes): 0
	Average stack size (kbytes): 0
	Average total size (kbytes): 0
	Maximum resident set size (kbytes): 44912
	Average resident set size (kbytes): 0
	Major (requiring I/O) page faults: 1
	Minor (reclaiming a frame) page faults: 11414
	Voluntary context switches: 150
	Involuntary context switches: 118
	Swaps: 0
	File system inputs: 32672
	File system outputs: 1168
	Socket messages sent: 0
	Socket messages received: 0
	Signals delivered: 0
	Page size (bytes): 4096
	Exit status: 0
