training time: 7343844
After train
After save
search time : 159291
recall : 0.9608
	Command being timed: "./go /users/PAS2671/kabir36/kabir/similarity-search/dataset/movielens /users/PAS2671/kabir36/kabir/similarity-search/dataset/movielens l2 24 500 96 10,20,50 0 0 1 0"
	User time (seconds): 9.05
	System time (seconds): 0.11
	Percent of CPU this job got: 96%
	Elapsed (wall clock) time (h:mm:ss or m:ss): 0:09.46
	Average shared text size (kbytes): 0
	Average unshared data size (kbytes): 0
	Average stack size (kbytes): 0
	Average total size (kbytes): 0
	Maximum resident set size (kbytes): 87872
	Average resident set size (kbytes): 0
	Major (requiring I/O) page faults: 1
	Minor (reclaiming a frame) page faults: 26744
	Voluntary context switches: 5368
	Involuntary context switches: 1365
	Swaps: 0
	File system inputs: 15072
	File system outputs: 44888
	Socket messages sent: 0
	Socket messages received: 0
	Signals delivered: 0
	Page size (bytes): 4096
	Exit status: 0
