training time: 386365160
After train
After save
search time : 8731
recall : 0.87725
	Command being timed: "./go /users/PAS2671/kabir36/kabir/similarity-search/dataset/notre /users/PAS2671/kabir36/kabir/similarity-search/dataset/notre l2 24 500 96 10,20,50 0 0 1 0"
	User time (seconds): 383.60
	System time (seconds): 2.57
	Percent of CPU this job got: 98%
	Elapsed (wall clock) time (h:mm:ss or m:ss): 6:30.64
	Average shared text size (kbytes): 0
	Average unshared data size (kbytes): 0
	Average stack size (kbytes): 0
	Average total size (kbytes): 0
	Maximum resident set size (kbytes): 2264720
	Average resident set size (kbytes): 0
	Major (requiring I/O) page faults: 0
	Minor (reclaiming a frame) page faults: 220198
	Voluntary context switches: 120044
	Involuntary context switches: 98417
	Swaps: 0
	File system inputs: 1671448
	File system outputs: 1338552
	Socket messages sent: 0
	Socket messages received: 0
	Signals delivered: 0
	Page size (bytes): 4096
	Exit status: 0
