Command terminated by signal 9
	Command being timed: "./go /users/PAS2671/kabir36/kabir/similarity-search/dataset/nuswide /users/PAS2671/kabir36/kabir/similarity-search/dataset/nuswide l2 24 500 96 10,20,50 0 0 1 0"
	User time (seconds): 695.55
	System time (seconds): 3.75
	Percent of CPU this job got: 99%
	Elapsed (wall clock) time (h:mm:ss or m:ss): 11:45.77
	Average shared text size (kbytes): 0
	Average unshared data size (kbytes): 0
	Average stack size (kbytes): 0
	Average total size (kbytes): 0
	Maximum resident set size (kbytes): 4666684
	Average resident set size (kbytes): 0
	Major (requiring I/O) page faults: 8
	Minor (reclaiming a frame) page faults: 452798
	Voluntary context switches: 259565
	Involuntary context switches: 151000
	Swaps: 0
	File system inputs: 1102000
	File system outputs: 0
	Socket messages sent: 0
	Socket messages received: 0
	Signals delivered: 0
	Page size (bytes): 4096
	Exit status: 0
