training time: 364964202
After train
After save
search time : 4612
recall : 0.2305
	Command being timed: "./go /users/PAS2671/kabir36/kabir/similarity-search/dataset/nytimes /users/PAS2671/kabir36/kabir/similarity-search/dataset/nytimes l2 24 500 96 10,20,50 0 0 1 0"
	User time (seconds): 361.46
	System time (seconds): 3.75
	Percent of CPU this job got: 98%
	Elapsed (wall clock) time (h:mm:ss or m:ss): 6:10.33
	Average shared text size (kbytes): 0
	Average unshared data size (kbytes): 0
	Average stack size (kbytes): 0
	Average total size (kbytes): 0
	Maximum resident set size (kbytes): 2258640
	Average resident set size (kbytes): 0
	Major (requiring I/O) page faults: 1
	Minor (reclaiming a frame) page faults: 180574
	Voluntary context switches: 300624
	Involuntary context switches: 81807
	Swaps: 0
	File system inputs: 2119552
	File system outputs: 1456944
	Socket messages sent: 0
	Socket messages received: 0
	Signals delivered: 0
	Page size (bytes): 4096
	Exit status: 0
