training time: 1011689154
After train
After save
search time : 5753
recall : 0.02
	Command being timed: "./go /users/PAS2671/kabir36/kabir/similarity-search/dataset/random /users/PAS2671/kabir36/kabir/similarity-search/dataset/random l2 24 500 96 10,20,50 0 0 1 0"
	User time (seconds): 1003.36
	System time (seconds): 7.59
	Percent of CPU this job got: 98%
	Elapsed (wall clock) time (h:mm:ss or m:ss): 17:02.90
	Average shared text size (kbytes): 0
	Average unshared data size (kbytes): 0
	Average stack size (kbytes): 0
	Average total size (kbytes): 0
	Maximum resident set size (kbytes): 4267836
	Average resident set size (kbytes): 0
	Major (requiring I/O) page faults: 5
	Minor (reclaiming a frame) page faults: 758042
	Voluntary context switches: 508181
	Involuntary context switches: 235593
	Swaps: 0
	File system inputs: 784376
	File system outputs: 4000072
	Socket messages sent: 0
	Socket messages received: 0
	Signals delivered: 0
	Page size (bytes): 4096
	Exit status: 0
