Command terminated by signal 9
	Command being timed: "./go /users/PAS2671/kabir36/kabir/similarity-search/dataset/space1V /users/PAS2671/kabir36/kabir/similarity-search/dataset/space1V l2 24 500 96 10,20,50 0 0 1 0"
	User time (seconds): 1680.70
	System time (seconds): 3.87
	Percent of CPU this job got: 99%
	Elapsed (wall clock) time (h:mm:ss or m:ss): 28:14.04
	Average shared text size (kbytes): 0
	Average unshared data size (kbytes): 0
	Average stack size (kbytes): 0
	Average total size (kbytes): 0
	Maximum resident set size (kbytes): 4667728
	Average resident set size (kbytes): 0
	Major (requiring I/O) page faults: 0
	Minor (reclaiming a frame) page faults: 784645
	Voluntary context switches: 287715
	Involuntary context switches: 356683
	Swaps: 0
	File system inputs: 781416
	File system outputs: 0
	Socket messages sent: 0
	Socket messages received: 0
	Signals delivered: 0
	Page size (bytes): 4096
	Exit status: 0
