training time: 544200793
After train
After save
search time : 22751
recall : 0.3556
	Command being timed: "./go /users/PAS2671/kabir36/kabir/similarity-search/dataset/txed /users/PAS2671/kabir36/kabir/similarity-search/dataset/txed l2 24 500 96 50 0 0 1 0"
	User time (seconds): 541.01
	System time (seconds): 4.64
	Percent of CPU this job got: 98%
	Elapsed (wall clock) time (h:mm:ss or m:ss): 9:12.76
	Average shared text size (kbytes): 0
	Average unshared data size (kbytes): 0
	Average stack size (kbytes): 0
	Average total size (kbytes): 0
	Maximum resident set size (kbytes): 4333092
	Average resident set size (kbytes): 0
	Major (requiring I/O) page faults: 0
	Minor (reclaiming a frame) page faults: 302892
	Voluntary context switches: 221770
	Involuntary context switches: 106923
	Swaps: 0
	File system inputs: 3649728
	File system outputs: 2610272
	Socket messages sent: 0
	Socket messages received: 0
	Signals delivered: 0
	Page size (bytes): 4096
	Exit status: 0
