Command terminated by signal 9
	Command being timed: "./go /users/PAS2671/kabir36/kabir/similarity-search/dataset/uqv /users/PAS2671/kabir36/kabir/similarity-search/dataset/uqv l2 24 500 96 10,20,50 0 0 1 0"
	User time (seconds): 922.34
	System time (seconds): 4.66
	Percent of CPU this job got: 98%
	Elapsed (wall clock) time (h:mm:ss or m:ss): 15:40.02
	Average shared text size (kbytes): 0
	Average unshared data size (kbytes): 0
	Average stack size (kbytes): 0
	Average total size (kbytes): 0
	Maximum resident set size (kbytes): 4667488
	Average resident set size (kbytes): 0
	Major (requiring I/O) page faults: 0
	Minor (reclaiming a frame) page faults: 785804
	Voluntary context switches: 259774
	Involuntary context switches: 205028
	Swaps: 0
	File system inputs: 2027832
	File system outputs: 0
	Socket messages sent: 0
	Socket messages received: 0
	Signals delivered: 0
	Page size (bytes): 4096
	Exit status: 0
