training time: 132211527
After train
After save
search time : 12731
recall : 0.5633
	Command being timed: "./go /users/PAS2671/kabir36/kabir/similarity-search/dataset/vcseis /users/PAS2671/kabir36/kabir/similarity-search/dataset/vcseis l2 24 500 96 50 0 0 1 0"
	User time (seconds): 131.34
	System time (seconds): 1.50
	Percent of CPU this job got: 98%
	Elapsed (wall clock) time (h:mm:ss or m:ss): 2:15.31
	Average shared text size (kbytes): 0
	Average unshared data size (kbytes): 0
	Average stack size (kbytes): 0
	Average total size (kbytes): 0
	Maximum resident set size (kbytes): 1520264
	Average resident set size (kbytes): 0
	Major (requiring I/O) page faults: 0
	Minor (reclaiming a frame) page faults: 152941
	Voluntary context switches: 73959
	Involuntary context switches: 25330
	Swaps: 0
	File system inputs: 1137504
	File system outputs: 804792
	Socket messages sent: 0
	Socket messages received: 0
	Signals delivered: 0
	Page size (bytes): 4096
	Exit status: 0
