*** Error in `./go': double free or corruption (out): 0x0000000000a7f0e0 ***
======= Backtrace: =========
/lib64/libc.so.6(+0x81329)[0x2ad04f129329]
./go[0x46d92b]
./go[0x46f570]
./go[0x404a68]
/lib64/libc.so.6(__libc_start_main+0xf5)[0x2ad04f0ca555]
./go[0x404c3c]
======= Memory map: ========
00400000-0047d000 r-xp 00000000 00:3d 1793794                            /users/PAS2671/kabir36/kabir/similarity-search/models/FINGER/ann-only/v4/go
0067d000-0067e000 r--p 0007d000 00:3d 1793794                            /users/PAS2671/kabir36/kabir/similarity-search/models/FINGER/ann-only/v4/go
0067e000-0067f000 rw-p 0007e000 00:3d 1793794                            /users/PAS2671/kabir36/kabir/similarity-search/models/FINGER/ann-only/v4/go
00a1b000-045b1000 rw-p 00000000 00:00 0                                  [heap]
2ad04ba6e000-2ad04ba90000 r-xp 00000000 00:24 3428292698                 /usr/lib64/ld-2.17.so
2ad04ba90000-2ad04ba93000 rw-p 00000000 00:00 0 
2ad04badd000-2ad04bae5000 rw-p 00000000 00:00 0 
2ad04bc8f000-2ad04bc90000 r--p 00021000 00:24 3428292698                 /usr/lib64/ld-2.17.so
2ad04bc90000-2ad04bc91000 rw-p 00022000 00:24 3428292698                 /usr/lib64/ld-2.17.so
2ad04bc91000-2ad04bc92000 rw-p 00000000 00:00 0 
2ad04bc92000-2ad04bcca000 r-xp 00000000 00:2c 19202863                   /apps/xalt/2.10.29/lib64/libxalt_init.so
2ad04bcca000-2ad04beca000 ---p 00038000 00:2c 19202863                   /apps/xalt/2.10.29/lib64/libxalt_init.so
2ad04beca000-2ad04becb000 r--p 00038000 00:2c 19202863                   /apps/xalt/2.10.29/lib64/libxalt_init.so
2ad04becb000-2ad04becc000 rw-p 00039000 00:2c 19202863                   /apps/xalt/2.10.29/lib64/libxalt_init.so
2ad04becc000-2ad04becd000 rw-p 00000000 00:00 0 
2ad04becd000-2ad04e199000 r-xp 00000000 00:24 3428401386                 /usr/lib64/libopenblas-r0.3.3.so
2ad04e199000-2ad04e398000 ---p 022cc000 00:24 3428401386                 /usr/lib64/libopenblas-r0.3.3.so
2ad04e398000-2ad04e39c000 r--p 022cb000 00:24 3428401386                 /usr/lib64/libopenblas-r0.3.3.so
2ad04e39c000-2ad04e3b6000 rw-p 022cf000 00:24 3428401386                 /usr/lib64/libopenblas-r0.3.3.so
2ad04e3b6000-2ad04e3c1000 rw-p 00000000 00:00 0 
2ad04e3c1000-2ad04e535000 r-xp 00000000 00:2c 7905980                    /apps/gnu/8.4.0/lib64/libstdc++.so.6.0.25
2ad04e535000-2ad04e734000 ---p 00174000 00:2c 7905980                    /apps/gnu/8.4.0/lib64/libstdc++.so.6.0.25
2ad04e734000-2ad04e73e000 r--p 00173000 00:2c 7905980                    /apps/gnu/8.4.0/lib64/libstdc++.so.6.0.25
2ad04e73e000-2ad04e740000 rw-p 0017d000 00:2c 7905980                    /apps/gnu/8.4.0/lib64/libstdc++.so.6.0.25
2ad04e740000-2ad04e744000 rw-p 00000000 00:00 0 
2ad04e744000-2ad04e845000 r-xp 00000000 00:24 3428781161                 /usr/lib64/libm-2.17.so
2ad04e845000-2ad04ea44000 ---p 00101000 00:24 3428781161                 /usr/lib64/libm-2.17.so
2ad04ea44000-2ad04ea45000 r--p 00100000 00:24 3428781161                 /usr/lib64/libm-2.17.so
2ad04ea45000-2ad04ea46000 rw-p 00101000 00:24 3428781161                 /usr/lib64/libm-2.17.so
2ad04ea46000-2ad04ea73000 r-xp 00000000 00:2c 5669150                    /apps/gnu/8.4.0/lib64/libgomp.so.1.0.0
2ad04ea73000-2ad04ec72000 ---p 0002d000 00:2c 5669150                    /apps/gnu/8.4.0/lib64/libgomp.so.1.0.0
2ad04ec72000-2ad04ec73000 r--p 0002c000 00:2c 5669150                    /apps/gnu/8.4.0/lib64/libgomp.so.1.0.0
2ad04ec73000-2ad04ec74000 rw-p 0002d000 00:2c 5669150                    /apps/gnu/8.4.0/lib64/libgomp.so.1.0.0
2ad04ec74000-2ad04ec8b000 r-xp 00000000 00:2c 5669148                    /apps/gnu/8.4.0/lib64/libgcc_s.so.1
2ad04ec8b000-2ad04ee8a000 ---p 00017000 00:2c 5669148                    /apps/gnu/8.4.0/lib64/libgcc_s.so.1
2ad04ee8a000-2ad04ee8b000 r--p 00016000 00:2c 5669148                    /apps/gnu/8.4.0/lib64/libgcc_s.so.1
2ad04ee8b000-2ad04ee8c000 rw-p 00017000 00:2c 5669148                    /apps/gnu/8.4.0/lib64/libgcc_s.so.1
2ad04ee8c000-2ad04eea3000 r-xp 00000000 00:24 3428781193                 /usr/lib64/libpthread-2.17.so
2ad04eea3000-2ad04f0a2000 ---p 00017000 00:24 3428781193                 /usr/lib64/libpthread-2.17.so
2ad04f0a2000-2ad04f0a3000 r--p 00016000 00:24 3428781193                 /usr/lib64/libpthread-2.17.so
2ad04f0a3000-2ad04f0a4000 rw-p 00017000 00:24 3428781193                 /usr/lib64/libpthread-2.17.so
2ad04f0a4000-2ad04f0a8000 rw-p 00000000 00:00 0 
2ad04f0a8000-2ad04f26c000 r-xp 00000000 00:24 3428781146                 /usr/lib64/libc-2.17.so
2ad04f26c000-2ad04f46b000 ---p 001c4000 00:24 3428781146                 /usr/lib64/libc-2.17.so
2ad04f46b000-2ad04f46f000 r--p 001c3000 00:24 3428781146                 /usr/lib64/libc-2.17.so
2ad04f46f000-2ad04f471000 rw-p 001c7000 00:24 3428781146                 /usr/lib64/libc-2.17.so
2ad04f471000-2ad04f476000 rw-p 00000000 00:00 0 
2ad04f476000-2ad04f478000 r-xp 00000000 00:24 3428781159                 /usr/lib64/libdl-2.17.so
2ad04f478000-2ad04f678000 ---p 00002000 00:24 3428781159                 /usr/lib64/libdl-2.17.so
2ad04f678000-2ad04f679000 r--p 00002000 00:24 3428781159                 /usr/lib64/libdl-2.17.so
2ad04f679000-2ad04f67a000 rw-p 00003000 00:24 3428781159                 /usr/lib64/libdl-2.17.so
2ad04f67a000-2ad04f799000 r-xp 00000000 00:24 3427011450                 /usr/lib64/libgfortran.so.3.0.0
2ad04f799000-2ad04f999000 ---p 0011f000 00:24 3427011450                 /usr/lib64/libgfortran.so.3.0.0
2ad04f999000-2ad04f99a000 r--p 0011f000 00:24 3427011450                 /usr/lib64/libgfortran.so.3.0.0
2ad04f99a000-2ad04f99c000 rw-p 00120000 00:24 3427011450                 /usr/lib64/libgfortran.so.3.0.0
2ad04f99c000-2ad04f9db000 r-xp 00000000 00:2c 9748229                    /apps/gnu/8.4.0/lib64/libquadmath.so.0.0.0
2ad04f9db000-2ad04fbda000 ---p 0003f000 00:2c 9748229                    /apps/gnu/8.4.0/lib64/libquadmath.so.0.0.0
2ad04fbda000-2ad04fbdb000 r--p 0003e000 00:2c 9748229                    /apps/gnu/8.4.0/lib64/libquadmath.so.0.0.0
2ad04fbdb000-2ad04fbdc000 rw-p 0003f000 00:2c 9748229                    /apps/gnu/8.4.0/lib64/libquadmath.so.0.0.0
2ad04fbdc000-2ad04fbe0000 r-xp 00000000 00:2c 21954920                   /apps/xalt/2.10.29/lib64/libuuid.so.1.3.0
2ad04fbe0000-2ad04fddf000 ---p 00004000 00:2c 21954920                   /apps/xalt/2.10.29/lib64/libuuid.so.1.3.0
2ad04fddf000-2ad04fde0000 r--p 00003000 00:2c 21954920                   /apps/xalt/2.10.29/lib64/libuuid.so.1.3.0
2ad04fde0000-2ad04fde1000 rw-p 00004000 00:2c 21954920                   /apps/xalt/2.10.29/lib64/libuuid.so.1.3.0
2ad04fde1000-2ad051b49000 rw-p 00000000 00:00 0 
2ad051c24000-2ad055031000 rw-p 00000000 00:00 0 
2ad055031000-2ad055032000 ---p 00000000 00:00 0 
2ad055032000-2ad055232000 rw-p 00000000 00:00 0 
2ad055232000-2ad055233000 ---p 00000000 00:00 0 
2ad055233000-2ad055433000 rw-p 00000000 00:00 0 
2ad055433000-2ad055434000 ---p 00000000 00:00 0 
2ad055434000-2ad055634000 rw-p 00000000 00:00 0 
2ad05643b000-2ad05643c000 ---p 00000000 00:00 0 
2ad05643c000-2ad05663c000 rw-p 00000000 00:00 0 
2ad05683d000-2ad05683e000 ---p 00000000 00:00 0 
2ad05683e000-2ad056a3e000 rw-p 00000000 00:00 0 
2ad056a3e000-2ad056a3f000 ---p 00000000 00:00 0 
2ad056a3f000-2ad056c3f000 rw-p 00000000 00:00 0 
2ad056e40000-2ad056e41000 ---p 00000000 00:00 0 
2ad056e41000-2ad057041000 rw-p 00000000 00:00 0 
2ad057644000-2ad057645000 ---p 00000000 00:00 0 
2ad057645000-2ad057845000 rw-p 00000000 00:00 0 
2ad057845000-2ad057846000 ---p 00000000 00:00 0 
2ad057846000-2ad057a46000 rw-p 00000000 00:00 0 
2ad059654000-2ad059655000 ---p 00000000 00:00 0 
2ad059655000-2ad059855000 rw-p 00000000 00:00 0 
2ad05b262000-2ad05b263000 ---p 00000000 00:00 0 
2ad05b263000-2ad05b463000 rw-p 00000000 00:00 0 
2ad05b664000-2ad05b665000 ---p 00000000 00:00 0 
2ad05b665000-2ad05b865000 rw-p 00000000 00:00 0 
2ad05d272000-2ad05d273000 ---p 00000000 00:00 0 
2ad05d273000-2ad05d473000 rw-p 00000000 00:00 0 
2ad05d473000-2ad05d474000 ---p 00000000 00:00 0 
2ad05d474000-2ad05d674000 rw-p 00000000 00:00 0 
2ad05d674000-2ad05d675000 ---p 00000000 00:00 0 
2ad05d675000-2ad05d875000 rw-p 00000000 00:00 0 
2ad05e87d000-2ad05e87e000 ---p 00000000 00:00 0 
2ad05e87e000-2ad05ea7e000 rw-p 00000000 00:00 0 
2ad05ec7f000-2ad05ec80000 ---p 00000000 00:00 0 
2ad05ec80000-2ad05ee80000 rw-p 00000000 00:00 0 
2ad06028a000-2ad06028b000 ---p 00000000 00:00 0 
2ad06028b000-2ad06048b000 rw-p 00000000 00:00 0 
2ad06088d000-2ad06088e000 ---p 00000000 00:00 0 
2ad06088e000-2ad060a8e000 rw-p 00000000 00:00 0 
2ad060c8f000-2ad060c90000 ---p 00000000 00:00 0 
2ad060c90000-2ad063954000 rw-p 00000000 00:00 0 
2ad064000000-2ad064021000 rw-p 00000000 00:00 0 
2ad064021000-2ad068000000 ---p 00000000 00:00 0 
2ad068000000-2ad068021000 rw-p 00000000 00:00 0 
2ad068021000-2ad06c000000 ---p 00000000 00:00 0 
2ad06c000000-2ad06c021000 rw-p 00000000 00:00 0 
2ad06c021000-2ad070000000 ---p 00000000 00:00 0 
2ad070000000-2ad070021000 rw-p 00000000 00:00 0 
2ad070021000-2ad074000000 ---p 00000000 00:00 0 
2ad074000000-2ad074021000 rw-p 00000000 00:00 0 
2ad074021000-2ad078000000 ---p 00000000 00:00 0 
2ad078000000-2ad078021000 rw-p 00000000 00:00 0 
2ad078021000-2ad07c000000 ---p 00000000 00:00 0 
2ad07c000000-2ad07c021000 rw-p 00000000 00:00 0 
2ad07c021000-2ad080000000 ---p 00000000 00:00 0 
2ad080000000-2ad080021000 rw-p 00000000 00:00 0 
2ad080021000-2ad084000000 ---p 00000000 00:00 0 
2ad084000000-2ad084021000 rw-p 00000000 00:00 0 
2ad084021000-2ad088000000 ---p 00000000 00:00 0 
2ad088000000-2ad088021000 rw-p 00000000 00:00 0 
2ad088021000-2ad08c000000 ---p 00000000 00:00 0 
2ad08c000000-2ad08c021000 rw-p 00000000 00:00 0 
2ad08c021000-2ad090000000 ---p 00000000 00:00 0 
2ad090000000-2ad090021000 rw-p 00000000 00:00 0 
2ad090021000-2ad094000000 ---p 00000000 00:00 0 
2ad094000000-2ad094021000 rw-p 00000000 00:00 0 
2ad094021000-2ad098000000 ---p 00000000 00:00 0 
2ad098000000-2ad098021000 rw-p 00000000 00:00 0 
2ad098021000-2ad09c000000 ---p 00000000 00:00 0 
2ad09c000000-2ad09c021000 rw-p 00000000 00:00 0 
2ad09c021000-2ad0a0000000 ---p 00000000 00:00 0 
2ad0a0000000-2ad0a0021000 rw-p 00000000 00:00 0 
2ad0a0021000-2ad0a4000000 ---p 00000000 00:00 0 
2ad0a4000000-2ad0a4021000 rw-p 00000000 00:00 0 
2ad0a4021000-2ad0a8000000 ---p 00000000 00:00 0 
2ad0a8000000-2ad0a8021000 rw-p 00000000 00:00 0 
2ad0a8021000-2ad0ac000000 ---p 00000000 00:00 0 
2ad0ac000000-2ad0ac021000 rw-p 00000000 00:00 0 
2ad0ac021000-2ad0b0000000 ---p 00000000 00:00 0 
2ad0b0000000-2ad0b0021000 rw-p 00000000 00:00 0 
2ad0b0021000-2ad0b4000000 ---p 00000000 00:00 0 
2ad0b4000000-2ad0b4021000 rw-p 00000000 00:00 0 
2ad0b4021000-2ad0b8000000 ---p 00000000 00:00 0 
2ad0b8000000-2ad0b8021000 rw-p 00000000 00:00 0 
2ad0b8021000-2ad0bc000000 ---p 00000000 00:00 0 
2ad0bc000000-2ad0bc021000 rw-p 00000000 00:00 0 
2ad0bc021000-2ad0c0000000 ---p 00000000 00:00 0 
2ad0c0000000-2ad0c0021000 rw-p 00000000 00:00 0 
2ad0c0021000-2ad0c4000000 ---p 00000000 00:00 0 
2ad0c4000000-2ad0c4021000 rw-p 00000000 00:00 0 
2ad0c4021000-2ad0c8000000 ---p 00000000 00:00 0 
2ad0c8000000-2ad0c8021000 rw-p 00000000 00:00 0 
2ad0c8021000-2ad0cc000000 ---p 00000000 00:00 0 
2ad0cc000000-2ad0cc021000 rw-p 00000000 00:00 0 
2ad0cc021000-2ad0d0000000 ---p 00000000 00:00 0 
2ad0d0000000-2ad0d0021000 rw-p 00000000 00:00 0 
2ad0d0021000-2ad0d4000000 ---p 00000000 00:00 0 
2ad0d4000000-2ad0d4021000 rw-p 00000000 00:00 0 
2ad0d4021000-2ad0d8000000 ---p 00000000 00:00 0 
2ad0d8000000-2ad0d8021000 rw-p 00000000 00:00 0 
2ad0d8021000-2ad0dc000000 ---p 00000000 00:00 0 
2ad0dc000000-2ad0dc021000 rw-p 00000000 00:00 0 
2ad0dc021000-2ad0e0000000 ---p 00000000 00:00 0 
2ad0e0000000-2ad0e0021000 rw-p 00000000 00:00 0 
2ad0e0021000-2ad0e4000000 ---p 00000000 00:00 0 
2ad0e4000000-2ad0e4021000 rw-p 00000000 00:00 0 
2ad0e4021000-2ad0e8000000 ---p 00000000 00:00 0 
2ad0e8000000-2ad0e8021000 rw-p 00000000 00:00 0 
2ad0e8021000-2ad0ec000000 ---p 00000000 00:00 0 
2ad0ec000000-2ad0ec021000 rw-p 00000000 00:00 0 
2ad0ec021000-2ad0f0000000 ---p 00000000 00:00 0 
2ad0f0000000-2ad0f0021000 rw-p 00000000 00:00 0 
2ad0f0021000-2ad0f4000000 ---p 00000000 00:00 0 
2ad0f4000000-2ad0f4021000 rw-p 00000000 00:00 0 
2ad0f4021000-2ad0f8000000 ---p 00000000 00:00 0 
2ad0f8000000-2ad0f8021000 rw-p 00000000 00:00 0 
2ad0f8021000-2ad0fc000000 ---p 00000000 00:00 0 
2ad0fc000000-2ad0fc021000 rw-p 00000000 00:00 0 
2ad0fc021000-2ad100000000 ---p 00000000 00:00 0 
2ad100000000-2ad100021000 rw-p 00000000 00:00 0 
2ad100021000-2ad104000000 ---p 00000000 00:00 0 
2ad104000000-2ad104021000 rw-p 00000000 00:00 0 
2ad104021000-2ad108000000 ---p 00000000 00:00 0 
2ad108000000-2ad108021000 rw-p 00000000 00:00 0 
2ad108021000-2ad10c000000 ---p 00000000 00:00 0 
2ad10c000000-2ad10c021000 rw-p 00000000 00:00 0 
2ad10c021000-2ad110000000 ---p 00000000 00:00 0 
2ad110000000-2ad110021000 rw-p 00000000 00:00 0 
2ad110021000-2ad114000000 ---p 00000000 00:00 0 
2ad114000000-2ad114021000 rw-p 00000000 00:00 0 
2ad114021000-2ad118000000 ---p 00000000 00:00 0 
2ad118000000-2ad118021000 rw-p 00000000 00:00 0 
2ad118021000-2ad11c000000 ---p 00000000 00:00 0 
2ad11c000000-2ad11c021000 rw-p 00000000 00:00 0 
2ad11c021000-2ad120000000 ---p 00000000 00:00 0 
2ad120000000-2ad120021000 rw-p 00000000 00:00 0 
2ad120021000-2ad124000000 ---p 00000000 00:00 0 
2ad124000000-2ad124021000 rw-p 00000000 00:00 0 
2ad124021000-2ad128000000 ---p 00000000 00:00 0 
2ad128000000-2ad128021000 rw-p 00000000 00:00 0 
2ad128021000-2ad12c000000 ---p 00000000 00:00 0 
2ad12c000000-2ad12c021000 rw-p 00000000 00:00 0 
2ad12c021000-2ad130000000 ---p 00000000 00:00 0 
2ad130000000-2ad130021000 rw-p 00000000 00:00 0 
2ad130021000-2ad134000000 ---p 00000000 00:00 0 
2ad134000000-2ad134021000 rw-p 00000000 00:00 0 
2ad134021000-2ad138000000 ---p 00000000 00:00 0 
2ad138000000-2ad138021000 rw-p 00000000 00:00 0 
2ad138021000-2ad13c000000 ---p 00000000 00:00 0 
2ad13c000000-2ad13c021000 rw-p 00000000 00:00 0 
2ad13c021000-2ad140000000 ---p 00000000 00:00 0 
2ad140000000-2ad140021000 rw-p 00000000 00:00 0 
2ad140021000-2ad144000000 ---p 00000000 00:00 0 
2ad144000000-2ad144021000 rw-p 00000000 00:00 0 
2ad144021000-2ad148000000 ---p 00000000 00:00 0 
2ad148000000-2ad148021000 rw-p 00000000 00:00 0 
2ad148021000-2ad14c000000 ---p 00000000 00:00 0 
2ad14c000000-2ad14c021000 rw-p 00000000 00:00 0 
2ad14c021000-2ad150000000 ---p 00000000 00:00 0 
2ad150000000-2ad150021000 rw-p 00000000 00:00 0 
2ad150021000-2ad154000000 ---p 00000000 00:00 0 
2ad154000000-2ad154021000 rw-p 00000000 00:00 0 
2ad154021000-2ad158000000 ---p 00000000 00:00 0 
2ad158000000-2ad158021000 rw-p 00000000 00:00 0 
2ad158021000-2ad15c000000 ---p 00000000 00:00 0 
2ad15c000000-2ad15c021000 rw-p 00000000 00:00 0 
2ad15c021000-2ad160000000 ---p 00000000 00:00 0 
2ad160000000-2ad160021000 rw-p 00000000 00:00 0 
2ad160021000-2ad164000000 ---p 00000000 00:00 0 
2ad164000000-2ad164021000 rw-p 00000000 00:00 0 
2ad164021000-2ad168000000 ---p 00000000 00:00 0 
2ad168000000-2ad168021000 rw-p 00000000 00:00 0 
2ad168021000-2ad16c000000 ---p 00000000 00:00 0 
2ad16c000000-2ad16c021000 rw-p 00000000 00:00 0 
2ad16c021000-2ad170000000 ---p 00000000 00:00 0 
2ad170000000-2ad170021000 rw-p 00000000 00:00 0 
2ad170021000-2ad174000000 ---p 00000000 00:00 0 
2ad174000000-2ad174021000 rw-p 00000000 00:00 0 
2ad174021000-2ad178000000 ---p 00000000 00:00 0 
2ad178000000-2ad178021000 rw-p 00000000 00:00 0 
2ad178021000-2ad17c000000 ---p 00000000 00:00 0 
2ad17c000000-2ad17c021000 rw-p 00000000 00:00 0 
2ad17c021000-2ad180000000 ---p 00000000 00:00 0 
2ad180000000-2ad180021000 rw-p 00000000 00:00 0 
2ad180021000-2ad184000000 ---p 00000000 00:00 0 
2ad184000000-2ad184021000 rw-p 00000000 00:00 0 
2ad184021000-2ad188000000 ---p 00000000 00:00 0 
2ad188000000-2ad188021000 rw-p 00000000 00:00 0 
2ad188021000-2ad18c000000 ---p 00000000 00:00 0 
2ad18c000000-2ad18c021000 rw-p 00000000 00:00 0 
2ad18c021000-2ad190000000 ---p 00000000 00:00 0 
2ad190000000-2ad190021000 rw-p 00000000 00:00 0 
2ad190021000-2ad194000000 ---p 00000000 00:00 0 
2ad194000000-2ad194021000 rw-p 00000000 00:00 0 
2ad194021000-2ad198000000 ---p 00000000 00:00 0 
2ad198000000-2ad198021000 rw-p 00000000 00:00 0 
2ad198021000-2ad19c000000 ---p 00000000 00:00 0 
2ad19c000000-2ad19c021000 rw-p 00000000 00:00 0 
2ad19c021000-2ad1a0000000 ---p 00000000 00:00 0 
2ad1a0000000-2ad1a0021000 rw-p 00000000 00:00 0 
2ad1a0021000-2ad1a4000000 ---p 00000000 00:00 0 
2ad1a4000000-2ad1a4021000 rw-p 00000000 00:00 0 
2ad1a4021000-2ad1a8000000 ---p 00000000 00:00 0 
2ad1a8000000-2ad1a8021000 rw-p 00000000 00:00 0 
2ad1a8021000-2ad1ac000000 ---p 00000000 00:00 0 
2ad1ac000000-2ad1ac021000 rw-p 00000000 00:00 0 
2ad1ac021000-2ad1b0000000 ---p 00000000 00:00 0 
2ad1b0000000-2ad1b0021000 rw-p 00000000 00:00 0 
2ad1b0021000-2ad1b4000000 ---p 00000000 00:00 0 
2ad1b4000000-2ad1b4021000 rw-p 00000000 00:00 0 
2ad1b4021000-2ad1b8000000 ---p 00000000 00:00 0 
2ad1b8000000-2ad1b8021000 rw-p 00000000 00:00 0 
2ad1b8021000-2ad1bc000000 ---p 00000000 00:00 0 
2ad1bc000000-2ad1bc021000 rw-p 00000000 00:00 0 
2ad1bc021000-2ad1c0000000 ---p 00000000 00:00 0 
2ad1c0000000-2ad1c0021000 rw-p 00000000 00:00 0 
2ad1c0021000-2ad1c4000000 ---p 00000000 00:00 0 
2ad1c4000000-2ad1c4021000 rw-p 00000000 00:00 0 
2ad1c4021000-2ad1c8000000 ---p 00000000 00:00 0 
2ad1c8000000-2ad1c8021000 rw-p 00000000 00:00 0 
2ad1c8021000-2ad1cc000000 ---p 00000000 00:00 0 
2ad1cc000000-2ad1cc021000 rw-p 00000000 00:00 0 
2ad1cc021000-2ad1d0000000 ---p 00000000 00:00 0 
2ad1d0000000-2ad1d0021000 rw-p 00000000 00:00 0 
2ad1d0021000-2ad1d4000000 ---p 00000000 00:00 0 
2ad1d4000000-2ad1d4021000 rw-p 00000000 00:00 0 
2ad1d4021000-2ad1d8000000 ---p 00000000 00:00 0 
2ad1d8000000-2ad1d8021000 rw-p 00000000 00:00 0 
2ad1d8021000-2ad1dc000000 ---p 00000000 00:00 0 
2ad1dc000000-2ad1dc021000 rw-p 00000000 00:00 0 
2ad1dc021000-2ad1e0000000 ---p 00000000 00:00 0 
2ad1e0000000-2ad1e77a9000 rw-p 00000000 00:00 0 
7ffcd6e8d000-7ffcd6eb1000 rw-p 00000000 00:00 0                          [stack]
7ffcd6ffe000-7ffcd7000000 r-xp 00000000 00:00 0                          [vdso]
ffffffffff600000-ffffffffff601000 r-xp 00000000 00:00 0                  [vsyscall]
Command terminated by signal 6
	Command being timed: "./go /users/PAS2671/kabir36/kabir/similarity-search/dataset/Yelp /users/PAS2671/kabir36/kabir/similarity-search/dataset/Yelp l2 24 500 96 50 0 0 1 0"
	User time (seconds): 42.56
	System time (seconds): 0.51
	Percent of CPU this job got: 98%
	Elapsed (wall clock) time (h:mm:ss or m:ss): 0:43.79
	Average shared text size (kbytes): 0
	Average unshared data size (kbytes): 0
	Average stack size (kbytes): 0
	Average total size (kbytes): 0
	Maximum resident set size (kbytes): 316388
	Average resident set size (kbytes): 0
	Major (requiring I/O) page faults: 9
	Minor (reclaiming a frame) page faults: 35190
	Voluntary context switches: 23334
	Involuntary context switches: 7735
	Swaps: 0
	File system inputs: 38104
	File system outputs: 625792
	Socket messages sent: 0
	Socket messages received: 0
	Signals delivered: 0
	Page size (bytes): 4096
	Exit status: 0
