*** Error in `./go': munmap_chunk(): invalid pointer: 0x0000000002399bc0 ***
======= Backtrace: =========
/lib64/libc.so.6(+0x7f474)[0x2ba6009cf474]
./go[0x46d92b]
./go[0x46f570]
./go[0x404a68]
/lib64/libc.so.6(__libc_start_main+0xf5)[0x2ba600972555]
./go[0x404c3c]
======= Memory map: ========
00400000-0047d000 r-xp 00000000 00:3b 1793794                            /users/PAS2671/kabir36/kabir/similarity-search/models/FINGER/ann-only/v4/go
0067d000-0067e000 r--p 0007d000 00:3b 1793794                            /users/PAS2671/kabir36/kabir/similarity-search/models/FINGER/ann-only/v4/go
0067e000-0067f000 rw-p 0007e000 00:3b 1793794                            /users/PAS2671/kabir36/kabir/similarity-search/models/FINGER/ann-only/v4/go
02349000-05edc000 rw-p 00000000 00:00 0                                  [heap]
2ba5fd316000-2ba5fd338000 r-xp 00000000 00:24 3428292698                 /usr/lib64/ld-2.17.so
2ba5fd338000-2ba5fd33b000 rw-p 00000000 00:00 0 
2ba5fd385000-2ba5fd38d000 rw-p 00000000 00:00 0 
2ba5fd537000-2ba5fd538000 r--p 00021000 00:24 3428292698                 /usr/lib64/ld-2.17.so
2ba5fd538000-2ba5fd539000 rw-p 00022000 00:24 3428292698                 /usr/lib64/ld-2.17.so
2ba5fd539000-2ba5fd53a000 rw-p 00000000 00:00 0 
2ba5fd53a000-2ba5fd572000 r-xp 00000000 00:2c 19202863                   /apps/xalt/2.10.29/lib64/libxalt_init.so
2ba5fd572000-2ba5fd772000 ---p 00038000 00:2c 19202863                   /apps/xalt/2.10.29/lib64/libxalt_init.so
2ba5fd772000-2ba5fd773000 r--p 00038000 00:2c 19202863                   /apps/xalt/2.10.29/lib64/libxalt_init.so
2ba5fd773000-2ba5fd774000 rw-p 00039000 00:2c 19202863                   /apps/xalt/2.10.29/lib64/libxalt_init.so
2ba5fd774000-2ba5fd775000 rw-p 00000000 00:00 0 
2ba5fd775000-2ba5ffa41000 r-xp 00000000 00:24 3428401386                 /usr/lib64/libopenblas-r0.3.3.so
2ba5ffa41000-2ba5ffc40000 ---p 022cc000 00:24 3428401386                 /usr/lib64/libopenblas-r0.3.3.so
2ba5ffc40000-2ba5ffc44000 r--p 022cb000 00:24 3428401386                 /usr/lib64/libopenblas-r0.3.3.so
2ba5ffc44000-2ba5ffc5e000 rw-p 022cf000 00:24 3428401386                 /usr/lib64/libopenblas-r0.3.3.so
2ba5ffc5e000-2ba5ffc69000 rw-p 00000000 00:00 0 
2ba5ffc69000-2ba5ffddd000 r-xp 00000000 00:2c 7905980                    /apps/gnu/8.4.0/lib64/libstdc++.so.6.0.25
2ba5ffddd000-2ba5fffdc000 ---p 00174000 00:2c 7905980                    /apps/gnu/8.4.0/lib64/libstdc++.so.6.0.25
2ba5fffdc000-2ba5fffe6000 r--p 00173000 00:2c 7905980                    /apps/gnu/8.4.0/lib64/libstdc++.so.6.0.25
2ba5fffe6000-2ba5fffe8000 rw-p 0017d000 00:2c 7905980                    /apps/gnu/8.4.0/lib64/libstdc++.so.6.0.25
2ba5fffe8000-2ba5fffec000 rw-p 00000000 00:00 0 
2ba5fffec000-2ba6000ed000 r-xp 00000000 00:24 3428781161                 /usr/lib64/libm-2.17.so
2ba6000ed000-2ba6002ec000 ---p 00101000 00:24 3428781161                 /usr/lib64/libm-2.17.so
2ba6002ec000-2ba6002ed000 r--p 00100000 00:24 3428781161                 /usr/lib64/libm-2.17.so
2ba6002ed000-2ba6002ee000 rw-p 00101000 00:24 3428781161                 /usr/lib64/libm-2.17.so
2ba6002ee000-2ba60031b000 r-xp 00000000 00:2c 5669150                    /apps/gnu/8.4.0/lib64/libgomp.so.1.0.0
2ba60031b000-2ba60051a000 ---p 0002d000 00:2c 5669150                    /apps/gnu/8.4.0/lib64/libgomp.so.1.0.0
2ba60051a000-2ba60051b000 r--p 0002c000 00:2c 5669150                    /apps/gnu/8.4.0/lib64/libgomp.so.1.0.0
2ba60051b000-2ba60051c000 rw-p 0002d000 00:2c 5669150                    /apps/gnu/8.4.0/lib64/libgomp.so.1.0.0
2ba60051c000-2ba600533000 r-xp 00000000 00:2c 5669148                    /apps/gnu/8.4.0/lib64/libgcc_s.so.1
2ba600533000-2ba600732000 ---p 00017000 00:2c 5669148                    /apps/gnu/8.4.0/lib64/libgcc_s.so.1
2ba600732000-2ba600733000 r--p 00016000 00:2c 5669148                    /apps/gnu/8.4.0/lib64/libgcc_s.so.1
2ba600733000-2ba600734000 rw-p 00017000 00:2c 5669148                    /apps/gnu/8.4.0/lib64/libgcc_s.so.1
2ba600734000-2ba60074b000 r-xp 00000000 00:24 3428781193                 /usr/lib64/libpthread-2.17.so
2ba60074b000-2ba60094a000 ---p 00017000 00:24 3428781193                 /usr/lib64/libpthread-2.17.so
2ba60094a000-2ba60094b000 r--p 00016000 00:24 3428781193                 /usr/lib64/libpthread-2.17.so
2ba60094b000-2ba60094c000 rw-p 00017000 00:24 3428781193                 /usr/lib64/libpthread-2.17.so
2ba60094c000-2ba600950000 rw-p 00000000 00:00 0 
2ba600950000-2ba600b14000 r-xp 00000000 00:24 3428781146                 /usr/lib64/libc-2.17.so
2ba600b14000-2ba600d13000 ---p 001c4000 00:24 3428781146                 /usr/lib64/libc-2.17.so
2ba600d13000-2ba600d17000 r--p 001c3000 00:24 3428781146                 /usr/lib64/libc-2.17.so
2ba600d17000-2ba600d19000 rw-p 001c7000 00:24 3428781146                 /usr/lib64/libc-2.17.so
2ba600d19000-2ba600d1e000 rw-p 00000000 00:00 0 
2ba600d1e000-2ba600d20000 r-xp 00000000 00:24 3428781159                 /usr/lib64/libdl-2.17.so
2ba600d20000-2ba600f20000 ---p 00002000 00:24 3428781159                 /usr/lib64/libdl-2.17.so
2ba600f20000-2ba600f21000 r--p 00002000 00:24 3428781159                 /usr/lib64/libdl-2.17.so
2ba600f21000-2ba600f22000 rw-p 00003000 00:24 3428781159                 /usr/lib64/libdl-2.17.so
2ba600f22000-2ba601041000 r-xp 00000000 00:24 3427011450                 /usr/lib64/libgfortran.so.3.0.0
2ba601041000-2ba601241000 ---p 0011f000 00:24 3427011450                 /usr/lib64/libgfortran.so.3.0.0
2ba601241000-2ba601242000 r--p 0011f000 00:24 3427011450                 /usr/lib64/libgfortran.so.3.0.0
2ba601242000-2ba601244000 rw-p 00120000 00:24 3427011450                 /usr/lib64/libgfortran.so.3.0.0
2ba601244000-2ba601283000 r-xp 00000000 00:2c 9748229                    /apps/gnu/8.4.0/lib64/libquadmath.so.0.0.0
2ba601283000-2ba601482000 ---p 0003f000 00:2c 9748229                    /apps/gnu/8.4.0/lib64/libquadmath.so.0.0.0
2ba601482000-2ba601483000 r--p 0003e000 00:2c 9748229                    /apps/gnu/8.4.0/lib64/libquadmath.so.0.0.0
2ba601483000-2ba601484000 rw-p 0003f000 00:2c 9748229                    /apps/gnu/8.4.0/lib64/libquadmath.so.0.0.0
2ba601484000-2ba601488000 r-xp 00000000 00:2c 21954920                   /apps/xalt/2.10.29/lib64/libuuid.so.1.3.0
2ba601488000-2ba601687000 ---p 00004000 00:2c 21954920                   /apps/xalt/2.10.29/lib64/libuuid.so.1.3.0
2ba601687000-2ba601688000 r--p 00003000 00:2c 21954920                   /apps/xalt/2.10.29/lib64/libuuid.so.1.3.0
2ba601688000-2ba601689000 rw-p 00004000 00:2c 21954920                   /apps/xalt/2.10.29/lib64/libuuid.so.1.3.0
2ba601689000-2ba6033f1000 rw-p 00000000 00:00 0 
2ba6034cc000-2ba6068d9000 rw-p 00000000 00:00 0 
2ba6068d9000-2ba6068da000 ---p 00000000 00:00 0 
2ba6068da000-2ba606ada000 rw-p 00000000 00:00 0 
2ba606ada000-2ba606adb000 ---p 00000000 00:00 0 
2ba606adb000-2ba606cdb000 rw-p 00000000 00:00 0 
2ba606cdb000-2ba606cdc000 ---p 00000000 00:00 0 
2ba606cdc000-2ba606edc000 rw-p 00000000 00:00 0 
2ba606edc000-2ba606edd000 ---p 00000000 00:00 0 
2ba606edd000-2ba6070dd000 rw-p 00000000 00:00 0 
2ba6074df000-2ba6074e0000 ---p 00000000 00:00 0 
2ba6074e0000-2ba6076e0000 rw-p 00000000 00:00 0 
2ba6078e1000-2ba6078e2000 ---p 00000000 00:00 0 
2ba6078e2000-2ba607ae2000 rw-p 00000000 00:00 0 
2ba6096f0000-2ba6096f1000 ---p 00000000 00:00 0 
2ba6096f1000-2ba6098f1000 rw-p 00000000 00:00 0 
2ba6098f1000-2ba6098f2000 ---p 00000000 00:00 0 
2ba6098f2000-2ba609af2000 rw-p 00000000 00:00 0 
2ba609ef4000-2ba609ef5000 ---p 00000000 00:00 0 
2ba609ef5000-2ba60a0f5000 rw-p 00000000 00:00 0 
2ba60a0f5000-2ba60a0f6000 ---p 00000000 00:00 0 
2ba60a0f6000-2ba60a2f6000 rw-p 00000000 00:00 0 
2ba60a2f6000-2ba60a2f7000 ---p 00000000 00:00 0 
2ba60a2f7000-2ba60a4f7000 rw-p 00000000 00:00 0 
2ba60aafa000-2ba60aafb000 ---p 00000000 00:00 0 
2ba60aafb000-2ba60acfb000 rw-p 00000000 00:00 0 
2ba60b4ff000-2ba60b500000 ---p 00000000 00:00 0 
2ba60b500000-2ba60b700000 rw-p 00000000 00:00 0 
2ba60c306000-2ba60c307000 ---p 00000000 00:00 0 
2ba60c307000-2ba60c507000 rw-p 00000000 00:00 0 
2ba60df14000-2ba60df15000 ---p 00000000 00:00 0 
2ba60df15000-2ba60e115000 rw-p 00000000 00:00 0 
2ba60e718000-2ba60e719000 ---p 00000000 00:00 0 
2ba60e719000-2ba60e919000 rw-p 00000000 00:00 0 
2ba60eb1a000-2ba60eb1b000 ---p 00000000 00:00 0 
2ba60eb1b000-2ba60ed1b000 rw-p 00000000 00:00 0 
2ba60ed1b000-2ba60ed1c000 ---p 00000000 00:00 0 
2ba60ed1c000-2ba60ef1c000 rw-p 00000000 00:00 0 
2ba610326000-2ba610327000 ---p 00000000 00:00 0 
2ba610327000-2ba610527000 rw-p 00000000 00:00 0 
2ba611931000-2ba611932000 ---p 00000000 00:00 0 
2ba611932000-2ba611b32000 rw-p 00000000 00:00 0 
2ba612738000-2ba613d46000 rw-p 00000000 00:00 0 
2ba614000000-2ba614021000 rw-p 00000000 00:00 0 
2ba614021000-2ba618000000 ---p 00000000 00:00 0 
2ba618000000-2ba618021000 rw-p 00000000 00:00 0 
2ba618021000-2ba61c000000 ---p 00000000 00:00 0 
2ba61c000000-2ba61c021000 rw-p 00000000 00:00 0 
2ba61c021000-2ba620000000 ---p 00000000 00:00 0 
2ba620000000-2ba620021000 rw-p 00000000 00:00 0 
2ba620021000-2ba624000000 ---p 00000000 00:00 0 
2ba624000000-2ba624021000 rw-p 00000000 00:00 0 
2ba624021000-2ba628000000 ---p 00000000 00:00 0 
2ba628000000-2ba628021000 rw-p 00000000 00:00 0 
2ba628021000-2ba62c000000 ---p 00000000 00:00 0 
2ba62c000000-2ba62c021000 rw-p 00000000 00:00 0 
2ba62c021000-2ba630000000 ---p 00000000 00:00 0 
2ba630000000-2ba630021000 rw-p 00000000 00:00 0 
2ba630021000-2ba634000000 ---p 00000000 00:00 0 
2ba634000000-2ba634021000 rw-p 00000000 00:00 0 
2ba634021000-2ba638000000 ---p 00000000 00:00 0 
2ba638000000-2ba638021000 rw-p 00000000 00:00 0 
2ba638021000-2ba63c000000 ---p 00000000 00:00 0 
2ba63c000000-2ba63c021000 rw-p 00000000 00:00 0 
2ba63c021000-2ba640000000 ---p 00000000 00:00 0 
2ba640000000-2ba640021000 rw-p 00000000 00:00 0 
2ba640021000-2ba644000000 ---p 00000000 00:00 0 
2ba644000000-2ba644021000 rw-p 00000000 00:00 0 
2ba644021000-2ba648000000 ---p 00000000 00:00 0 
2ba648000000-2ba648021000 rw-p 00000000 00:00 0 
2ba648021000-2ba64c000000 ---p 00000000 00:00 0 
2ba64c000000-2ba64c021000 rw-p 00000000 00:00 0 
2ba64c021000-2ba650000000 ---p 00000000 00:00 0 
2ba650000000-2ba650021000 rw-p 00000000 00:00 0 
2ba650021000-2ba654000000 ---p 00000000 00:00 0 
2ba654000000-2ba654021000 rw-p 00000000 00:00 0 
2ba654021000-2ba658000000 ---p 00000000 00:00 0 
2ba658000000-2ba658021000 rw-p 00000000 00:00 0 
2ba658021000-2ba65c000000 ---p 00000000 00:00 0 
2ba65c000000-2ba65c021000 rw-p 00000000 00:00 0 
2ba65c021000-2ba660000000 ---p 00000000 00:00 0 
2ba660000000-2ba660021000 rw-p 00000000 00:00 0 
2ba660021000-2ba664000000 ---p 00000000 00:00 0 
2ba664000000-2ba664021000 rw-p 00000000 00:00 0 
2ba664021000-2ba668000000 ---p 00000000 00:00 0 
2ba668000000-2ba668021000 rw-p 00000000 00:00 0 
2ba668021000-2ba66c000000 ---p 00000000 00:00 0 
2ba66c000000-2ba66c021000 rw-p 00000000 00:00 0 
2ba66c021000-2ba670000000 ---p 00000000 00:00 0 
2ba670000000-2ba670021000 rw-p 00000000 00:00 0 
2ba670021000-2ba674000000 ---p 00000000 00:00 0 
2ba674000000-2ba674021000 rw-p 00000000 00:00 0 
2ba674021000-2ba678000000 ---p 00000000 00:00 0 
2ba678000000-2ba678021000 rw-p 00000000 00:00 0 
2ba678021000-2ba67c000000 ---p 00000000 00:00 0 
2ba67c000000-2ba67c021000 rw-p 00000000 00:00 0 
2ba67c021000-2ba680000000 ---p 00000000 00:00 0 
2ba680000000-2ba680021000 rw-p 00000000 00:00 0 
2ba680021000-2ba684000000 ---p 00000000 00:00 0 
2ba684000000-2ba684021000 rw-p 00000000 00:00 0 
2ba684021000-2ba688000000 ---p 00000000 00:00 0 
2ba688000000-2ba688021000 rw-p 00000000 00:00 0 
2ba688021000-2ba68c000000 ---p 00000000 00:00 0 
2ba68c000000-2ba68c021000 rw-p 00000000 00:00 0 
2ba68c021000-2ba690000000 ---p 00000000 00:00 0 
2ba690000000-2ba690021000 rw-p 00000000 00:00 0 
2ba690021000-2ba694000000 ---p 00000000 00:00 0 
2ba694000000-2ba694021000 rw-p 00000000 00:00 0 
2ba694021000-2ba698000000 ---p 00000000 00:00 0 
2ba698000000-2ba698021000 rw-p 00000000 00:00 0 
2ba698021000-2ba69c000000 ---p 00000000 00:00 0 
2ba69c000000-2ba69c021000 rw-p 00000000 00:00 0 
2ba69c021000-2ba6a0000000 ---p 00000000 00:00 0 
2ba6a0000000-2ba6a0021000 rw-p 00000000 00:00 0 
2ba6a0021000-2ba6a4000000 ---p 00000000 00:00 0 
2ba6a4000000-2ba6a4021000 rw-p 00000000 00:00 0 
2ba6a4021000-2ba6a8000000 ---p 00000000 00:00 0 
2ba6a8000000-2ba6a8021000 rw-p 00000000 00:00 0 
2ba6a8021000-2ba6ac000000 ---p 00000000 00:00 0 
2ba6ac000000-2ba6ac021000 rw-p 00000000 00:00 0 
2ba6ac021000-2ba6b0000000 ---p 00000000 00:00 0 
2ba6b0000000-2ba6b0021000 rw-p 00000000 00:00 0 
2ba6b0021000-2ba6b4000000 ---p 00000000 00:00 0 
2ba6b4000000-2ba6b4021000 rw-p 00000000 00:00 0 
2ba6b4021000-2ba6b8000000 ---p 00000000 00:00 0 
2ba6b8000000-2ba6b8021000 rw-p 00000000 00:00 0 
2ba6b8021000-2ba6bc000000 ---p 00000000 00:00 0 
2ba6bc000000-2ba6bc021000 rw-p 00000000 00:00 0 
2ba6bc021000-2ba6c0000000 ---p 00000000 00:00 0 
2ba6c0000000-2ba6c0021000 rw-p 00000000 00:00 0 
2ba6c0021000-2ba6c4000000 ---p 00000000 00:00 0 
2ba6c4000000-2ba6c4021000 rw-p 00000000 00:00 0 
2ba6c4021000-2ba6c8000000 ---p 00000000 00:00 0 
2ba6c8000000-2ba6c8021000 rw-p 00000000 00:00 0 
2ba6c8021000-2ba6cc000000 ---p 00000000 00:00 0 
2ba6cc000000-2ba6cc021000 rw-p 00000000 00:00 0 
2ba6cc021000-2ba6d0000000 ---p 00000000 00:00 0 
2ba6d0000000-2ba6d0021000 rw-p 00000000 00:00 0 
2ba6d0021000-2ba6d4000000 ---p 00000000 00:00 0 
2ba6d4000000-2ba6d4021000 rw-p 00000000 00:00 0 
2ba6d4021000-2ba6d8000000 ---p 00000000 00:00 0 
2ba6d8000000-2ba6d8021000 rw-p 00000000 00:00 0 
2ba6d8021000-2ba6dc000000 ---p 00000000 00:00 0 
2ba6dc000000-2ba6dc021000 rw-p 00000000 00:00 0 
2ba6dc021000-2ba6e0000000 ---p 00000000 00:00 0 
2ba6e0000000-2ba6e0021000 rw-p 00000000 00:00 0 
2ba6e0021000-2ba6e4000000 ---p 00000000 00:00 0 
2ba6e4000000-2ba6e4021000 rw-p 00000000 00:00 0 
2ba6e4021000-2ba6e8000000 ---p 00000000 00:00 0 
2ba6e8000000-2ba6e8021000 rw-p 00000000 00:00 0 
2ba6e8021000-2ba6ec000000 ---p 00000000 00:00 0 
2ba6ec000000-2ba6ec021000 rw-p 00000000 00:00 0 
2ba6ec021000-2ba6f0000000 ---p 00000000 00:00 0 
2ba6f0000000-2ba6f0021000 rw-p 00000000 00:00 0 
2ba6f0021000-2ba6f4000000 ---p 00000000 00:00 0 
2ba6f4000000-2ba6f4021000 rw-p 00000000 00:00 0 
2ba6f4021000-2ba6f8000000 ---p 00000000 00:00 0 
2ba6f8000000-2ba6f8021000 rw-p 00000000 00:00 0 
2ba6f8021000-2ba6fc000000 ---p 00000000 00:00 0 
2ba6fc000000-2ba6fc021000 rw-p 00000000 00:00 0 
2ba6fc021000-2ba700000000 ---p 00000000 00:00 0 
2ba700000000-2ba700021000 rw-p 00000000 00:00 0 
2ba700021000-2ba704000000 ---p 00000000 00:00 0 
2ba704000000-2ba704021000 rw-p 00000000 00:00 0 
2ba704021000-2ba708000000 ---p 00000000 00:00 0 
2ba708000000-2ba708021000 rw-p 00000000 00:00 0 
2ba708021000-2ba70c000000 ---p 00000000 00:00 0 
2ba70c000000-2ba70c021000 rw-p 00000000 00:00 0 
2ba70c021000-2ba710000000 ---p 00000000 00:00 0 
2ba710000000-2ba710021000 rw-p 00000000 00:00 0 
2ba710021000-2ba714000000 ---p 00000000 00:00 0 
2ba714000000-2ba714021000 rw-p 00000000 00:00 0 
2ba714021000-2ba718000000 ---p 00000000 00:00 0 
2ba718000000-2ba718021000 rw-p 00000000 00:00 0 
2ba718021000-2ba71c000000 ---p 00000000 00:00 0 
2ba71c000000-2ba71c021000 rw-p 00000000 00:00 0 
2ba71c021000-2ba720000000 ---p 00000000 00:00 0 
2ba720000000-2ba720021000 rw-p 00000000 00:00 0 
2ba720021000-2ba724000000 ---p 00000000 00:00 0 
2ba724000000-2ba724021000 rw-p 00000000 00:00 0 
2ba724021000-2ba728000000 ---p 00000000 00:00 0 
2ba728000000-2ba728021000 rw-p 00000000 00:00 0 
2ba728021000-2ba72c000000 ---p 00000000 00:00 0 
2ba72c000000-2ba72c021000 rw-p 00000000 00:00 0 
2ba72c021000-2ba730000000 ---p 00000000 00:00 0 
2ba730000000-2ba730021000 rw-p 00000000 00:00 0 
2ba730021000-2ba734000000 ---p 00000000 00:00 0 
2ba734000000-2ba734021000 rw-p 00000000 00:00 0 
2ba734021000-2ba738000000 ---p 00000000 00:00 0 
2ba738000000-2ba738021000 rw-p 00000000 00:00 0 
2ba738021000-2ba73c000000 ---p 00000000 00:00 0 
2ba73c000000-2ba73c021000 rw-p 00000000 00:00 0 
2ba73c021000-2ba740000000 ---p 00000000 00:00 0 
2ba740000000-2ba740021000 rw-p 00000000 00:00 0 
2ba740021000-2ba744000000 ---p 00000000 00:00 0 
2ba744000000-2ba744021000 rw-p 00000000 00:00 0 
2ba744021000-2ba748000000 ---p 00000000 00:00 0 
2ba748000000-2ba748021000 rw-p 00000000 00:00 0 
2ba748021000-2ba74c000000 ---p 00000000 00:00 0 
2ba74c000000-2ba74c021000 rw-p 00000000 00:00 0 
2ba74c021000-2ba750000000 ---p 00000000 00:00 0 
2ba750000000-2ba750021000 rw-p 00000000 00:00 0 
2ba750021000-2ba754000000 ---p 00000000 00:00 0 
2ba754000000-2ba754021000 rw-p 00000000 00:00 0 
2ba754021000-2ba758000000 ---p 00000000 00:00 0 
2ba758000000-2ba758021000 rw-p 00000000 00:00 0 
2ba758021000-2ba75c000000 ---p 00000000 00:00 0 
2ba75c000000-2ba75c021000 rw-p 00000000 00:00 0 
2ba75c021000-2ba760000000 ---p 00000000 00:00 0 
2ba760000000-2ba760021000 rw-p 00000000 00:00 0 
2ba760021000-2ba764000000 ---p 00000000 00:00 0 
2ba764000000-2ba764021000 rw-p 00000000 00:00 0 
2ba764021000-2ba768000000 ---p 00000000 00:00 0 
2ba768000000-2ba768021000 rw-p 00000000 00:00 0 
2ba768021000-2ba76c000000 ---p 00000000 00:00 0 
2ba76c000000-2ba76c021000 rw-p 00000000 00:00 0 
2ba76c021000-2ba770000000 ---p 00000000 00:00 0 
2ba770000000-2ba770021000 rw-p 00000000 00:00 0 
2ba770021000-2ba774000000 ---p 00000000 00:00 0 
2ba774000000-2ba774021000 rw-p 00000000 00:00 0 
2ba774021000-2ba778000000 ---p 00000000 00:00 0 
2ba778000000-2ba778021000 rw-p 00000000 00:00 0 
2ba778021000-2ba77c000000 ---p 00000000 00:00 0 
2ba77c000000-2ba77c021000 rw-p 00000000 00:00 0 
2ba77c021000-2ba780000000 ---p 00000000 00:00 0 
2ba780000000-2ba780021000 rw-p 00000000 00:00 0 
2ba780021000-2ba784000000 ---p 00000000 00:00 0 
2ba784000000-2ba784021000 rw-p 00000000 00:00 0 
2ba784021000-2ba788000000 ---p 00000000 00:00 0 
2ba788000000-2ba788021000 rw-p 00000000 00:00 0 
2ba788021000-2ba78c000000 ---p 00000000 00:00 0 
2ba78c000000-2ba78c021000 rw-p 00000000 00:00 0 
2ba78c021000-2ba790000000 ---p 00000000 00:00 0 
2ba790000000-2ba798c5f000 rw-p 00000000 00:00 0 
7ffc922a0000-7ffc922c5000 rw-p 00000000 00:00 0                          [stack]
7ffc9232a000-7ffc9232c000 r-xp 00000000 00:00 0                          [vdso]
ffffffffff600000-ffffffffff601000 r-xp 00000000 00:00 0                  [vsyscall]
