*** Error in `./go': munmap_chunk(): invalid pointer: 0x0000000001dad6a0 ***
======= Backtrace: =========
/lib64/libc.so.6(+0x7f474)[0x2b499197c474]
./go[0x46d8ef]
./go[0x46f570]
./go[0x404a68]
/lib64/libc.so.6(__libc_start_main+0xf5)[0x2b499191f555]
./go[0x404c3c]
======= Memory map: ========
00400000-0047d000 r-xp 00000000 00:3a 1793794                            /users/PAS2671/kabir36/kabir/similarity-search/models/FINGER/ann-only/v4/go
0067d000-0067e000 r--p 0007d000 00:3a 1793794                            /users/PAS2671/kabir36/kabir/similarity-search/models/FINGER/ann-only/v4/go
0067e000-0067f000 rw-p 0007e000 00:3a 1793794                            /users/PAS2671/kabir36/kabir/similarity-search/models/FINGER/ann-only/v4/go
01d5b000-027e7000 rw-p 00000000 00:00 0                                  [heap]
2b498e2c3000-2b498e2e5000 r-xp 00000000 00:24 3428292698                 /usr/lib64/ld-2.17.so
2b498e2e5000-2b498e2e8000 rw-p 00000000 00:00 0 
2b498e332000-2b498e33a000 rw-p 00000000 00:00 0 
2b498e4e4000-2b498e4e5000 r--p 00021000 00:24 3428292698                 /usr/lib64/ld-2.17.so
2b498e4e5000-2b498e4e6000 rw-p 00022000 00:24 3428292698                 /usr/lib64/ld-2.17.so
2b498e4e6000-2b498e4e7000 rw-p 00000000 00:00 0 
2b498e4e7000-2b498e51f000 r-xp 00000000 00:2a 19202863                   /apps/xalt/2.10.29/lib64/libxalt_init.so
2b498e51f000-2b498e71f000 ---p 00038000 00:2a 19202863                   /apps/xalt/2.10.29/lib64/libxalt_init.so
2b498e71f000-2b498e720000 r--p 00038000 00:2a 19202863                   /apps/xalt/2.10.29/lib64/libxalt_init.so
2b498e720000-2b498e721000 rw-p 00039000 00:2a 19202863                   /apps/xalt/2.10.29/lib64/libxalt_init.so
2b498e721000-2b498e722000 rw-p 00000000 00:00 0 
2b498e722000-2b49909ee000 r-xp 00000000 00:24 3428401386                 /usr/lib64/libopenblas-r0.3.3.so
2b49909ee000-2b4990bed000 ---p 022cc000 00:24 3428401386                 /usr/lib64/libopenblas-r0.3.3.so
2b4990bed000-2b4990bf1000 r--p 022cb000 00:24 3428401386                 /usr/lib64/libopenblas-r0.3.3.so
2b4990bf1000-2b4990c0b000 rw-p 022cf000 00:24 3428401386                 /usr/lib64/libopenblas-r0.3.3.so
2b4990c0b000-2b4990c16000 rw-p 00000000 00:00 0 
2b4990c16000-2b4990d8a000 r-xp 00000000 00:2a 7905980                    /apps/gnu/8.4.0/lib64/libstdc++.so.6.0.25
2b4990d8a000-2b4990f89000 ---p 00174000 00:2a 7905980                    /apps/gnu/8.4.0/lib64/libstdc++.so.6.0.25
2b4990f89000-2b4990f93000 r--p 00173000 00:2a 7905980                    /apps/gnu/8.4.0/lib64/libstdc++.so.6.0.25
2b4990f93000-2b4990f95000 rw-p 0017d000 00:2a 7905980                    /apps/gnu/8.4.0/lib64/libstdc++.so.6.0.25
2b4990f95000-2b4990f99000 rw-p 00000000 00:00 0 
2b4990f99000-2b499109a000 r-xp 00000000 00:24 3428781161                 /usr/lib64/libm-2.17.so
2b499109a000-2b4991299000 ---p 00101000 00:24 3428781161                 /usr/lib64/libm-2.17.so
2b4991299000-2b499129a000 r--p 00100000 00:24 3428781161                 /usr/lib64/libm-2.17.so
2b499129a000-2b499129b000 rw-p 00101000 00:24 3428781161                 /usr/lib64/libm-2.17.so
2b499129b000-2b49912c8000 r-xp 00000000 00:2a 5669150                    /apps/gnu/8.4.0/lib64/libgomp.so.1.0.0
2b49912c8000-2b49914c7000 ---p 0002d000 00:2a 5669150                    /apps/gnu/8.4.0/lib64/libgomp.so.1.0.0
2b49914c7000-2b49914c8000 r--p 0002c000 00:2a 5669150                    /apps/gnu/8.4.0/lib64/libgomp.so.1.0.0
2b49914c8000-2b49914c9000 rw-p 0002d000 00:2a 5669150                    /apps/gnu/8.4.0/lib64/libgomp.so.1.0.0
2b49914c9000-2b49914e0000 r-xp 00000000 00:2a 5669148                    /apps/gnu/8.4.0/lib64/libgcc_s.so.1
2b49914e0000-2b49916df000 ---p 00017000 00:2a 5669148                    /apps/gnu/8.4.0/lib64/libgcc_s.so.1
2b49916df000-2b49916e0000 r--p 00016000 00:2a 5669148                    /apps/gnu/8.4.0/lib64/libgcc_s.so.1
2b49916e0000-2b49916e1000 rw-p 00017000 00:2a 5669148                    /apps/gnu/8.4.0/lib64/libgcc_s.so.1
2b49916e1000-2b49916f8000 r-xp 00000000 00:24 3428781193                 /usr/lib64/libpthread-2.17.so
2b49916f8000-2b49918f7000 ---p 00017000 00:24 3428781193                 /usr/lib64/libpthread-2.17.so
2b49918f7000-2b49918f8000 r--p 00016000 00:24 3428781193                 /usr/lib64/libpthread-2.17.so
2b49918f8000-2b49918f9000 rw-p 00017000 00:24 3428781193                 /usr/lib64/libpthread-2.17.so
2b49918f9000-2b49918fd000 rw-p 00000000 00:00 0 
2b49918fd000-2b4991ac1000 r-xp 00000000 00:24 3428781146                 /usr/lib64/libc-2.17.so
2b4991ac1000-2b4991cc0000 ---p 001c4000 00:24 3428781146                 /usr/lib64/libc-2.17.so
2b4991cc0000-2b4991cc4000 r--p 001c3000 00:24 3428781146                 /usr/lib64/libc-2.17.so
2b4991cc4000-2b4991cc6000 rw-p 001c7000 00:24 3428781146                 /usr/lib64/libc-2.17.so
2b4991cc6000-2b4991ccb000 rw-p 00000000 00:00 0 
2b4991ccb000-2b4991ccd000 r-xp 00000000 00:24 3428781159                 /usr/lib64/libdl-2.17.so
2b4991ccd000-2b4991ecd000 ---p 00002000 00:24 3428781159                 /usr/lib64/libdl-2.17.so
2b4991ecd000-2b4991ece000 r--p 00002000 00:24 3428781159                 /usr/lib64/libdl-2.17.so
2b4991ece000-2b4991ecf000 rw-p 00003000 00:24 3428781159                 /usr/lib64/libdl-2.17.so
2b4991ecf000-2b4991fee000 r-xp 00000000 00:24 3427011450                 /usr/lib64/libgfortran.so.3.0.0
2b4991fee000-2b49921ee000 ---p 0011f000 00:24 3427011450                 /usr/lib64/libgfortran.so.3.0.0
2b49921ee000-2b49921ef000 r--p 0011f000 00:24 3427011450                 /usr/lib64/libgfortran.so.3.0.0
2b49921ef000-2b49921f1000 rw-p 00120000 00:24 3427011450                 /usr/lib64/libgfortran.so.3.0.0
2b49921f1000-2b4992230000 r-xp 00000000 00:2a 9748229                    /apps/gnu/8.4.0/lib64/libquadmath.so.0.0.0
2b4992230000-2b499242f000 ---p 0003f000 00:2a 9748229                    /apps/gnu/8.4.0/lib64/libquadmath.so.0.0.0
2b499242f000-2b4992430000 r--p 0003e000 00:2a 9748229                    /apps/gnu/8.4.0/lib64/libquadmath.so.0.0.0
2b4992430000-2b4992431000 rw-p 0003f000 00:2a 9748229                    /apps/gnu/8.4.0/lib64/libquadmath.so.0.0.0
2b4992431000-2b4992435000 r-xp 00000000 00:2a 21954920                   /apps/xalt/2.10.29/lib64/libuuid.so.1.3.0
2b4992435000-2b4992634000 ---p 00004000 00:2a 21954920                   /apps/xalt/2.10.29/lib64/libuuid.so.1.3.0
2b4992634000-2b4992635000 r--p 00003000 00:2a 21954920                   /apps/xalt/2.10.29/lib64/libuuid.so.1.3.0
2b4992635000-2b4992636000 rw-p 00004000 00:2a 21954920                   /apps/xalt/2.10.29/lib64/libuuid.so.1.3.0
2b4992636000-2b499439e000 rw-p 00000000 00:00 0 
2b4994479000-2b49954f1000 rw-p 00000000 00:00 0 
2b49954f1000-2b49954f2000 ---p 00000000 00:00 0 
2b49954f2000-2b49956f2000 rw-p 00000000 00:00 0 
2b49956f2000-2b49956f3000 ---p 00000000 00:00 0 
2b49956f3000-2b49958f3000 rw-p 00000000 00:00 0 
2b49958f3000-2b49958f4000 ---p 00000000 00:00 0 
2b49958f4000-2b4995af4000 rw-p 00000000 00:00 0 
2b4995cf5000-2b4995cf6000 ---p 00000000 00:00 0 
2b4995cf6000-2b4995ef6000 rw-p 00000000 00:00 0 
2b4997702000-2b4997703000 ---p 00000000 00:00 0 
2b4997703000-2b4997903000 rw-p 00000000 00:00 0 
2b4997b04000-2b4997b05000 ---p 00000000 00:00 0 
2b4997b05000-2b4997d05000 rw-p 00000000 00:00 0 
2b4999511000-2b4999512000 ---p 00000000 00:00 0 
2b4999512000-2b4999712000 rw-p 00000000 00:00 0 
2b499a71a000-2b499a71b000 ---p 00000000 00:00 0 
2b499a71b000-2b499a91b000 rw-p 00000000 00:00 0 
2b499bd25000-2b499bd26000 ---p 00000000 00:00 0 
2b499bd26000-2b499bf26000 rw-p 00000000 00:00 0 
2b499bf26000-2b499bf27000 ---p 00000000 00:00 0 
2b499bf27000-2b499ec61000 rw-p 00000000 00:00 0 
2b499f13f000-2b499f140000 ---p 00000000 00:00 0 
2b499f140000-2b499f340000 rw-p 00000000 00:00 0 
2b499f340000-2b499f341000 ---p 00000000 00:00 0 
2b499f341000-2b499f541000 rw-p 00000000 00:00 0 
2b499fb44000-2b499fb45000 ---p 00000000 00:00 0 
2b499fb45000-2b499fd45000 rw-p 00000000 00:00 0 
2b499fd45000-2b499fd46000 ---p 00000000 00:00 0 
2b499fd46000-2b499ff46000 rw-p 00000000 00:00 0 
2b499ff46000-2b499ff47000 ---p 00000000 00:00 0 
2b499ff47000-2b49a0147000 rw-p 00000000 00:00 0 
2b49a0147000-2b49a0148000 ---p 00000000 00:00 0 
2b49a0148000-2b49a0348000 rw-p 00000000 00:00 0 
2b49a074a000-2b49a074b000 ---p 00000000 00:00 0 
2b49a074b000-2b49a094b000 rw-p 00000000 00:00 0 
2b49a094b000-2b49a094c000 ---p 00000000 00:00 0 
2b49a094c000-2b49a0b4c000 rw-p 00000000 00:00 0 
2b49a0b4c000-2b49a0b4d000 ---p 00000000 00:00 0 
2b49a0b4d000-2b49a0d4d000 rw-p 00000000 00:00 0 
2b49a114f000-2b49a1150000 ---p 00000000 00:00 0 
2b49a1150000-2b49a2204000 rw-p 00000000 00:00 0 
2b49a4000000-2b49a4021000 rw-p 00000000 00:00 0 
2b49a4021000-2b49a8000000 ---p 00000000 00:00 0 
2b49a8000000-2b49a8021000 rw-p 00000000 00:00 0 
2b49a8021000-2b49ac000000 ---p 00000000 00:00 0 
2b49ac000000-2b49ac021000 rw-p 00000000 00:00 0 
2b49ac021000-2b49b0000000 ---p 00000000 00:00 0 
2b49b0000000-2b49b0021000 rw-p 00000000 00:00 0 
2b49b0021000-2b49b4000000 ---p 00000000 00:00 0 
2b49b4000000-2b49b4021000 rw-p 00000000 00:00 0 
2b49b4021000-2b49b8000000 ---p 00000000 00:00 0 
2b49b8000000-2b49b8021000 rw-p 00000000 00:00 0 
2b49b8021000-2b49bc000000 ---p 00000000 00:00 0 
2b49bc000000-2b49bc021000 rw-p 00000000 00:00 0 
2b49bc021000-2b49c0000000 ---p 00000000 00:00 0 
2b49c0000000-2b49c0021000 rw-p 00000000 00:00 0 
2b49c0021000-2b49c4000000 ---p 00000000 00:00 0 
2b49c4000000-2b49c4021000 rw-p 00000000 00:00 0 
2b49c4021000-2b49c8000000 ---p 00000000 00:00 0 
2b49c8000000-2b49c8021000 rw-p 00000000 00:00 0 
2b49c8021000-2b49cc000000 ---p 00000000 00:00 0 
2b49cc000000-2b49cc021000 rw-p 00000000 00:00 0 
2b49cc021000-2b49d0000000 ---p 00000000 00:00 0 
2b49d0000000-2b49d0021000 rw-p 00000000 00:00 0 
2b49d0021000-2b49d4000000 ---p 00000000 00:00 0 
2b49d4000000-2b49d4021000 rw-p 00000000 00:00 0 
2b49d4021000-2b49d8000000 ---p 00000000 00:00 0 
2b49d8000000-2b49d8021000 rw-p 00000000 00:00 0 
2b49d8021000-2b49dc000000 ---p 00000000 00:00 0 
2b49dc000000-2b49dc021000 rw-p 00000000 00:00 0 
2b49dc021000-2b49e0000000 ---p 00000000 00:00 0 
2b49e0000000-2b49e0021000 rw-p 00000000 00:00 0 
2b49e0021000-2b49e4000000 ---p 00000000 00:00 0 
2b49e4000000-2b49e4021000 rw-p 00000000 00:00 0 
2b49e4021000-2b49e8000000 ---p 00000000 00:00 0 
2b49e8000000-2b49e8021000 rw-p 00000000 00:00 0 
2b49e8021000-2b49ec000000 ---p 00000000 00:00 0 
2b49ec000000-2b49ec021000 rw-p 00000000 00:00 0 
2b49ec021000-2b49f0000000 ---p 00000000 00:00 0 
2b49f0000000-2b49f0021000 rw-p 00000000 00:00 0 
2b49f0021000-2b49f4000000 ---p 00000000 00:00 0 
2b49f4000000-2b49f4021000 rw-p 00000000 00:00 0 
2b49f4021000-2b49f8000000 ---p 00000000 00:00 0 
2b49f8000000-2b49f8021000 rw-p 00000000 00:00 0 
2b49f8021000-2b49fc000000 ---p 00000000 00:00 0 
2b49fc000000-2b49fc021000 rw-p 00000000 00:00 0 
2b49fc021000-2b4a00000000 ---p 00000000 00:00 0 
2b4a00000000-2b4a00021000 rw-p 00000000 00:00 0 
2b4a00021000-2b4a04000000 ---p 00000000 00:00 0 
2b4a04000000-2b4a04021000 rw-p 00000000 00:00 0 
2b4a04021000-2b4a08000000 ---p 00000000 00:00 0 
2b4a08000000-2b4a08021000 rw-p 00000000 00:00 0 
2b4a08021000-2b4a0c000000 ---p 00000000 00:00 0 
2b4a0c000000-2b4a0c021000 rw-p 00000000 00:00 0 
2b4a0c021000-2b4a10000000 ---p 00000000 00:00 0 
2b4a10000000-2b4a10021000 rw-p 00000000 00:00 0 
2b4a10021000-2b4a14000000 ---p 00000000 00:00 0 
2b4a14000000-2b4a14021000 rw-p 00000000 00:00 0 
2b4a14021000-2b4a18000000 ---p 00000000 00:00 0 
2b4a18000000-2b4a18021000 rw-p 00000000 00:00 0 
2b4a18021000-2b4a1c000000 ---p 00000000 00:00 0 
2b4a1c000000-2b4a1c021000 rw-p 00000000 00:00 0 
2b4a1c021000-2b4a20000000 ---p 00000000 00:00 0 
2b4a20000000-2b4a20021000 rw-p 00000000 00:00 0 
2b4a20021000-2b4a24000000 ---p 00000000 00:00 0 
2b4a24000000-2b4a24021000 rw-p 00000000 00:00 0 
2b4a24021000-2b4a28000000 ---p 00000000 00:00 0 
2b4a28000000-2b4a28021000 rw-p 00000000 00:00 0 
2b4a28021000-2b4a2c000000 ---p 00000000 00:00 0 
2b4a2c000000-2b4a2c021000 rw-p 00000000 00:00 0 
2b4a2c021000-2b4a30000000 ---p 00000000 00:00 0 
2b4a30000000-2b4a30021000 rw-p 00000000 00:00 0 
2b4a30021000-2b4a34000000 ---p 00000000 00:00 0 
2b4a34000000-2b4a34021000 rw-p 00000000 00:00 0 
2b4a34021000-2b4a38000000 ---p 00000000 00:00 0 
2b4a38000000-2b4a38021000 rw-p 00000000 00:00 0 
2b4a38021000-2b4a3c000000 ---p 00000000 00:00 0 
2b4a3c000000-2b4a3c021000 rw-p 00000000 00:00 0 
2b4a3c021000-2b4a40000000 ---p 00000000 00:00 0 
2b4a40000000-2b4a40021000 rw-p 00000000 00:00 0 
2b4a40021000-2b4a44000000 ---p 00000000 00:00 0 
2b4a44000000-2b4a44021000 rw-p 00000000 00:00 0 
2b4a44021000-2b4a48000000 ---p 00000000 00:00 0 
2b4a48000000-2b4a48021000 rw-p 00000000 00:00 0 
2b4a48021000-2b4a4c000000 ---p 00000000 00:00 0 
2b4a4c000000-2b4a4c021000 rw-p 00000000 00:00 0 
2b4a4c021000-2b4a50000000 ---p 00000000 00:00 0 
2b4a50000000-2b4a50021000 rw-p 00000000 00:00 0 
2b4a50021000-2b4a54000000 ---p 00000000 00:00 0 
2b4a54000000-2b4a54021000 rw-p 00000000 00:00 0 
2b4a54021000-2b4a58000000 ---p 00000000 00:00 0 
2b4a58000000-2b4a58021000 rw-p 00000000 00:00 0 
2b4a58021000-2b4a5c000000 ---p 00000000 00:00 0 
2b4a5c000000-2b4a5c021000 rw-p 00000000 00:00 0 
2b4a5c021000-2b4a60000000 ---p 00000000 00:00 0 
2b4a60000000-2b4a60021000 rw-p 00000000 00:00 0 
2b4a60021000-2b4a64000000 ---p 00000000 00:00 0 
2b4a64000000-2b4a64021000 rw-p 00000000 00:00 0 
2b4a64021000-2b4a68000000 ---p 00000000 00:00 0 
2b4a68000000-2b4a68021000 rw-p 00000000 00:00 0 
2b4a68021000-2b4a6c000000 ---p 00000000 00:00 0 
2b4a6c000000-2b4a6c021000 rw-p 00000000 00:00 0 
2b4a6c021000-2b4a70000000 ---p 00000000 00:00 0 
2b4a70000000-2b4a70021000 rw-p 00000000 00:00 0 
2b4a70021000-2b4a74000000 ---p 00000000 00:00 0 
2b4a74000000-2b4a74021000 rw-p 00000000 00:00 0 
2b4a74021000-2b4a78000000 ---p 00000000 00:00 0 
2b4a78000000-2b4a78021000 rw-p 00000000 00:00 0 
2b4a78021000-2b4a7c000000 ---p 00000000 00:00 0 
2b4a7c000000-2b4a7c021000 rw-p 00000000 00:00 0 
2b4a7c021000-2b4a80000000 ---p 00000000 00:00 0 
2b4a80000000-2b4a80021000 rw-p 00000000 00:00 0 
2b4a80021000-2b4a84000000 ---p 00000000 00:00 0 
2b4a84000000-2b4a84021000 rw-p 00000000 00:00 0 
2b4a84021000-2b4a88000000 ---p 00000000 00:00 0 
2b4a88000000-2b4a88021000 rw-p 00000000 00:00 0 
2b4a88021000-2b4a8c000000 ---p 00000000 00:00 0 
2b4a8c000000-2b4a8c021000 rw-p 00000000 00:00 0 
2b4a8c021000-2b4a90000000 ---p 00000000 00:00 0 
2b4a90000000-2b4a90021000 rw-p 00000000 00:00 0 
2b4a90021000-2b4a94000000 ---p 00000000 00:00 0 
2b4a94000000-2b4a94021000 rw-p 00000000 00:00 0 
2b4a94021000-2b4a98000000 ---p 00000000 00:00 0 
2b4a98000000-2b4a98021000 rw-p 00000000 00:00 0 
2b4a98021000-2b4a9c000000 ---p 00000000 00:00 0 
2b4a9c000000-2b4a9c021000 rw-p 00000000 00:00 0 
2b4a9c021000-2b4aa0000000 ---p 00000000 00:00 0 
2b4aa0000000-2b4aa0021000 rw-p 00000000 00:00 0 
2b4aa0021000-2b4aa4000000 ---p 00000000 00:00 0 
2b4aa4000000-2b4aa4021000 rw-p 00000000 00:00 0 
2b4aa4021000-2b4aa8000000 ---p 00000000 00:00 0 
2b4aa8000000-2b4aa8021000 rw-p 00000000 00:00 0 
2b4aa8021000-2b4aac000000 ---p 00000000 00:00 0 
2b4aac000000-2b4aac021000 rw-p 00000000 00:00 0 
2b4aac021000-2b4ab0000000 ---p 00000000 00:00 0 
2b4ab0000000-2b4ab0021000 rw-p 00000000 00:00 0 
2b4ab0021000-2b4ab4000000 ---p 00000000 00:00 0 
2b4ab4000000-2b4ab4021000 rw-p 00000000 00:00 0 
2b4ab4021000-2b4ab8000000 ---p 00000000 00:00 0 
2b4ab8000000-2b4ab8021000 rw-p 00000000 00:00 0 
2b4ab8021000-2b4abc000000 ---p 00000000 00:00 0 
2b4abc000000-2b4abc021000 rw-p 00000000 00:00 0 
2b4abc021000-2b4ac0000000 ---p 00000000 00:00 0 
2b4ac0000000-2b4ac0021000 rw-p 00000000 00:00 0 
2b4ac0021000-2b4ac4000000 ---p 00000000 00:00 0 
2b4ac4000000-2b4ac4021000 rw-p 00000000 00:00 0 
2b4ac4021000-2b4ac8000000 ---p 00000000 00:00 0 
2b4ac8000000-2b4ac8021000 rw-p 00000000 00:00 0 
2b4ac8021000-2b4acc000000 ---p 00000000 00:00 0 
2b4acc000000-2b4acc021000 rw-p 00000000 00:00 0 
2b4acc021000-2b4ad0000000 ---p 00000000 00:00 0 
2b4ad0000000-2b4ad0021000 rw-p 00000000 00:00 0 
2b4ad0021000-2b4ad4000000 ---p 00000000 00:00 0 
2b4ad4000000-2b4ad4021000 rw-p 00000000 00:00 0 
2b4ad4021000-2b4ad8000000 ---p 00000000 00:00 0 
2b4ad8000000-2b4ad8021000 rw-p 00000000 00:00 0 
2b4ad8021000-2b4adc000000 ---p 00000000 00:00 0 
2b4adc000000-2b4adc021000 rw-p 00000000 00:00 0 
2b4adc021000-2b4ae0000000 ---p 00000000 00:00 0 
2b4ae0000000-2b4ae0021000 rw-p 00000000 00:00 0 
2b4ae0021000-2b4ae4000000 ---p 00000000 00:00 0 
2b4ae4000000-2b4ae4021000 rw-p 00000000 00:00 0 
2b4ae4021000-2b4ae8000000 ---p 00000000 00:00 0 
2b4ae8000000-2b4ae8021000 rw-p 00000000 00:00 0 
2b4ae8021000-2b4aec000000 ---p 00000000 00:00 0 
2b4aec000000-2b4aec021000 rw-p 00000000 00:00 0 
2b4aec021000-2b4af0000000 ---p 00000000 00:00 0 
2b4af0000000-2b4af0021000 rw-p 00000000 00:00 0 
2b4af0021000-2b4af4000000 ---p 00000000 00:00 0 
2b4af4000000-2b4af4021000 rw-p 00000000 00:00 0 
2b4af4021000-2b4af8000000 ---p 00000000 00:00 0 
2b4af8000000-2b4af8021000 rw-p 00000000 00:00 0 
2b4af8021000-2b4afc000000 ---p 00000000 00:00 0 
2b4afc000000-2b4afc021000 rw-p 00000000 00:00 0 
2b4afc021000-2b4b00000000 ---p 00000000 00:00 0 
2b4b00000000-2b4b00021000 rw-p 00000000 00:00 0 
2b4b00021000-2b4b04000000 ---p 00000000 00:00 0 
2b4b04000000-2b4b04021000 rw-p 00000000 00:00 0 
2b4b04021000-2b4b08000000 ---p 00000000 00:00 0 
2b4b08000000-2b4b08021000 rw-p 00000000 00:00 0 
2b4b08021000-2b4b0c000000 ---p 00000000 00:00 0 
2b4b0c000000-2b4b0c021000 rw-p 00000000 00:00 0 
2b4b0c021000-2b4b10000000 ---p 00000000 00:00 0 
2b4b10000000-2b4b10021000 rw-p 00000000 00:00 0 
2b4b10021000-2b4b14000000 ---p 00000000 00:00 0 
2b4b14000000-2b4b14021000 rw-p 00000000 00:00 0 
2b4b14021000-2b4b18000000 ---p 00000000 00:00 0 
2b4b18000000-2b4b18021000 rw-p 00000000 00:00 0 
2b4b18021000-2b4b1c000000 ---p 00000000 00:00 0 
2b4b1c000000-2b4b1c021000 rw-p 00000000 00:00 0 
2b4b1c021000-2b4b20000000 ---p 00000000 00:00 0 
7ffdec383000-7ffdec3a7000 rw-p 00000000 00:00 0                          [stack]
7ffdec3e9000-7ffdec3eb000 r-xp 00000000 00:00 0                          [vdso]
ffffffffff600000-ffffffffff601000 r-xp 00000000 00:00 0                  [vsyscall]
